{"/home/travis/build/npmtest/node-npmtest-gauss/test.js":{"path":"/home/travis/build/npmtest/node-npmtest-gauss/test.js","s":{"1":2,"2":2,"3":2,"4":2,"5":2,"6":2,"7":2,"8":1,"9":2,"10":2,"11":1,"12":1,"13":1,"14":1,"15":2,"16":2,"17":2,"18":2,"19":1,"20":1,"21":2,"22":2,"23":2,"24":1,"25":1,"26":1,"27":1,"28":1,"29":1,"30":1,"31":1,"32":1,"33":1,"34":1,"35":1,"36":1,"37":2,"38":2,"39":1,"40":2,"41":2,"42":1,"43":2,"44":2,"45":1,"46":2,"47":2,"48":1,"49":1,"50":1,"51":1,"52":1},"b":{"1":[2,1,1,1],"2":[1,1,1,1],"3":[1,1],"4":[1,1],"5":[1,1],"6":[1,1],"7":[1,1],"8":[1,1],"9":[1,1,1],"10":[1,1],"11":[1,1],"12":[1,1],"13":[1,1],"14":[1,1],"15":[1,1],"16":[1,1]},"f":{"1":2,"2":2,"3":2,"4":2,"5":2,"6":1,"7":1,"8":2,"9":2,"10":2,"11":2,"12":1},"fnMap":{"1":{"name":"(anonymous_1)","line":12,"loc":{"start":{"line":12,"column":1},"end":{"line":12,"column":13}}},"2":{"name":"(anonymous_2)","line":19,"loc":{"start":{"line":19,"column":5},"end":{"line":19,"column":17}}},"3":{"name":"(anonymous_3)","line":23,"loc":{"start":{"line":23,"column":24},"end":{"line":23,"column":36}}},"4":{"name":"(anonymous_4)","line":61,"loc":{"start":{"line":61,"column":5},"end":{"line":61,"column":17}}},"5":{"name":"(anonymous_5)","line":82,"loc":{"start":{"line":82,"column":5},"end":{"line":82,"column":17}}},"6":{"name":"(anonymous_6)","line":102,"loc":{"start":{"line":102,"column":83},"end":{"line":105,"column":10}},"skip":true},"7":{"name":"(anonymous_7)","line":113,"loc":{"start":{"line":113,"column":77},"end":{"line":116,"column":10}},"skip":true},"8":{"name":"(anonymous_8)","line":129,"loc":{"start":{"line":129,"column":12},"end":{"line":129,"column":40}},"skip":true},"9":{"name":"(anonymous_9)","line":137,"loc":{"start":{"line":137,"column":77},"end":{"line":140,"column":10}},"skip":true},"10":{"name":"(anonymous_10)","line":148,"loc":{"start":{"line":148,"column":83},"end":{"line":151,"column":10}},"skip":true},"11":{"name":"(anonymous_11)","line":159,"loc":{"start":{"line":159,"column":79},"end":{"line":162,"column":10}},"skip":true},"12":{"name":"(anonymous_12)","line":170,"loc":{"start":{"line":170,"column":75},"end":{"line":173,"column":10}},"skip":true}},"statementMap":{"1":{"start":{"line":12,"column":0},"end":{"line":185,"column":5}},"2":{"start":{"line":14,"column":4},"end":{"line":14,"column":14}},"3":{"start":{"line":19,"column":4},"end":{"line":56,"column":9}},"4":{"start":{"line":21,"column":8},"end":{"line":21,"column":19}},"5":{"start":{"line":23,"column":8},"end":{"line":35,"column":13}},"6":{"start":{"line":24,"column":12},"end":{"line":34,"column":13}},"7":{"start":{"line":25,"column":16},"end":{"line":28,"column":30}},"8":{"start":{"line":30,"column":16},"end":{"line":33,"column":27}},"9":{"start":{"line":37,"column":8},"end":{"line":39,"column":21}},"10":{"start":{"line":40,"column":8},"end":{"line":53,"column":9}},"11":{"start":{"line":43,"column":12},"end":{"line":46,"column":14}},"12":{"start":{"line":47,"column":12},"end":{"line":47,"column":18}},"13":{"start":{"line":50,"column":12},"end":{"line":51,"column":46}},"14":{"start":{"line":52,"column":12},"end":{"line":52,"column":18}},"15":{"start":{"line":55,"column":8},"end":{"line":55,"column":35}},"16":{"start":{"line":61,"column":4},"end":{"line":63,"column":9}},"17":{"start":{"line":62,"column":8},"end":{"line":62,"column":15}},"18":{"start":{"line":64,"column":4},"end":{"line":77,"column":5}},"19":{"start":{"line":70,"column":8},"end":{"line":70,"column":14}},"20":{"start":{"line":76,"column":8},"end":{"line":76,"column":14}},"21":{"start":{"line":82,"column":4},"end":{"line":84,"column":9}},"22":{"start":{"line":83,"column":8},"end":{"line":83,"column":15}},"23":{"start":{"line":85,"column":4},"end":{"line":184,"column":5}},"24":{"start":{"line":92,"column":8},"end":{"line":94,"column":63}},"25":{"start":{"line":95,"column":8},"end":{"line":95,"column":14}},"26":{"start":{"line":102,"column":8},"end":{"line":111,"column":10},"skip":true},"27":{"start":{"line":109,"column":12},"end":{"line":109,"column":55},"skip":true},"28":{"start":{"line":110,"column":12},"end":{"line":110,"column":48},"skip":true},"29":{"start":{"line":113,"column":8},"end":{"line":126,"column":10},"skip":true},"30":{"start":{"line":120,"column":12},"end":{"line":120,"column":76},"skip":true},"31":{"start":{"line":121,"column":12},"end":{"line":121,"column":73},"skip":true},"32":{"start":{"line":122,"column":12},"end":{"line":122,"column":74},"skip":true},"33":{"start":{"line":123,"column":12},"end":{"line":123,"column":79},"skip":true},"34":{"start":{"line":124,"column":12},"end":{"line":124,"column":25},"skip":true},"35":{"start":{"line":125,"column":12},"end":{"line":125,"column":45},"skip":true},"36":{"start":{"line":128,"column":8},"end":{"line":135,"column":14},"skip":true},"37":{"start":{"line":133,"column":16},"end":{"line":133,"column":29},"skip":true},"38":{"start":{"line":134,"column":16},"end":{"line":134,"column":55},"skip":true},"39":{"start":{"line":137,"column":8},"end":{"line":146,"column":10},"skip":true},"40":{"start":{"line":144,"column":12},"end":{"line":144,"column":25},"skip":true},"41":{"start":{"line":145,"column":12},"end":{"line":145,"column":45},"skip":true},"42":{"start":{"line":148,"column":8},"end":{"line":157,"column":10},"skip":true},"43":{"start":{"line":155,"column":12},"end":{"line":155,"column":25},"skip":true},"44":{"start":{"line":156,"column":12},"end":{"line":156,"column":48},"skip":true},"45":{"start":{"line":159,"column":8},"end":{"line":168,"column":10},"skip":true},"46":{"start":{"line":166,"column":12},"end":{"line":166,"column":25},"skip":true},"47":{"start":{"line":167,"column":12},"end":{"line":167,"column":46},"skip":true},"48":{"start":{"line":170,"column":8},"end":{"line":179,"column":10},"skip":true},"49":{"start":{"line":177,"column":12},"end":{"line":177,"column":94},"skip":true},"50":{"start":{"line":178,"column":12},"end":{"line":178,"column":48},"skip":true},"51":{"start":{"line":182,"column":8},"end":{"line":182,"column":35},"skip":true},"52":{"start":{"line":183,"column":8},"end":{"line":183,"column":14},"skip":true}},"branchMap":{"1":{"line":25,"type":"binary-expr","locations":[{"start":{"line":25,"column":23},"end":{"line":25,"column":62}},{"start":{"line":26,"column":20},"end":{"line":26,"column":70}},{"start":{"line":27,"column":20},"end":{"line":27,"column":71}},{"start":{"line":28,"column":20},"end":{"line":28,"column":29}}]},"2":{"line":30,"type":"binary-expr","locations":[{"start":{"line":30,"column":23},"end":{"line":30,"column":37}},{"start":{"line":31,"column":20},"end":{"line":31,"column":61}},{"start":{"line":32,"column":20},"end":{"line":32,"column":70}},{"start":{"line":33,"column":20},"end":{"line":33,"column":26}}]},"3":{"line":37,"type":"cond-expr","locations":[{"start":{"line":38,"column":14},"end":{"line":38,"column":20}},{"start":{"line":39,"column":14},"end":{"line":39,"column":20}}]},"4":{"line":40,"type":"switch","locations":[{"start":{"line":42,"column":8},"end":{"line":47,"column":18}},{"start":{"line":49,"column":8},"end":{"line":52,"column":18}}]},"5":{"line":44,"type":"binary-expr","locations":[{"start":{"line":44,"column":16},"end":{"line":44,"column":44}},{"start":{"line":44,"column":48},"end":{"line":44,"column":66}}]},"6":{"line":50,"type":"binary-expr","locations":[{"start":{"line":50,"column":21},"end":{"line":50,"column":49}},{"start":{"line":50,"column":53},"end":{"line":50,"column":72}}]},"7":{"line":64,"type":"switch","locations":[{"start":{"line":69,"column":4},"end":{"line":70,"column":14}},{"start":{"line":75,"column":4},"end":{"line":76,"column":14}}]},"8":{"line":85,"type":"switch","locations":[{"start":{"line":90,"column":4},"end":{"line":95,"column":14}},{"start":{"line":101,"column":4},"end":{"line":183,"column":14},"skip":true}]},"9":{"line":92,"type":"binary-expr","locations":[{"start":{"line":92,"column":18},"end":{"line":92,"column":32}},{"start":{"line":93,"column":12},"end":{"line":93,"column":53}},{"start":{"line":94,"column":12},"end":{"line":94,"column":61}}]},"10":{"line":102,"type":"binary-expr","locations":[{"start":{"line":102,"column":45},"end":{"line":102,"column":79},"skip":true},{"start":{"line":102,"column":83},"end":{"line":111,"column":9},"skip":true}]},"11":{"line":113,"type":"binary-expr","locations":[{"start":{"line":113,"column":42},"end":{"line":113,"column":73},"skip":true},{"start":{"line":113,"column":77},"end":{"line":126,"column":9},"skip":true}]},"12":{"line":128,"type":"binary-expr","locations":[{"start":{"line":128,"column":48},"end":{"line":128,"column":85},"skip":true},{"start":{"line":129,"column":12},"end":{"line":135,"column":13},"skip":true}]},"13":{"line":137,"type":"binary-expr","locations":[{"start":{"line":137,"column":42},"end":{"line":137,"column":73},"skip":true},{"start":{"line":137,"column":77},"end":{"line":146,"column":9},"skip":true}]},"14":{"line":148,"type":"binary-expr","locations":[{"start":{"line":148,"column":45},"end":{"line":148,"column":79},"skip":true},{"start":{"line":148,"column":83},"end":{"line":157,"column":9},"skip":true}]},"15":{"line":159,"type":"binary-expr","locations":[{"start":{"line":159,"column":43},"end":{"line":159,"column":75},"skip":true},{"start":{"line":159,"column":79},"end":{"line":168,"column":9},"skip":true}]},"16":{"line":170,"type":"binary-expr","locations":[{"start":{"line":170,"column":41},"end":{"line":170,"column":71},"skip":true},{"start":{"line":170,"column":75},"end":{"line":179,"column":9},"skip":true}]}},"code":["/* istanbul instrument in package npmtest_gauss */","/*jslint","    bitwise: true,","    browser: true,","    maxerr: 8,","    maxlen: 96,","    node: true,","    nomen: true,","    regexp: true,","    stupid: true","*/","(function () {","    'use strict';","    var local;","","","","    // run shared js-env code - pre-init","    (function () {","        // init local","        local = {};","        // init modeJs","        local.modeJs = (function () {","            try {","                return typeof navigator.userAgent === 'string' &&","                    typeof document.querySelector('body') === 'object' &&","                    typeof XMLHttpRequest.prototype.open === 'function' &&","                    'browser';","            } catch (errorCaughtBrowser) {","                return module.exports &&","                    typeof process.versions.node === 'string' &&","                    typeof require('http').createServer === 'function' &&","                    'node';","            }","        }());","        // init global","        local.global = local.modeJs === 'browser'","            ? window","            : global;","        switch (local.modeJs) {","        // re-init local from window.local","        case 'browser':","            local = local.global.utility2.objectSetDefault(","                local.global.utility2_rollup || local.global.local,","                local.global.utility2","            );","            break;","        // re-init local from example.js","        case 'node':","            local = (local.global.utility2_rollup || require('utility2'))","                .requireExampleJsFromReadme();","            break;","        }","        // export local","        local.global.local = local;","    }());","","","","    // run shared js-env code - function","    (function () {","        return;","    }());","    switch (local.modeJs) {","","","","    // run browser js-env code - function","    case 'browser':","        break;","","","","    // run node js-env code - function","    case 'node':","        break;","    }","","","","    // run shared js-env code - post-init","    (function () {","        return;","    }());","    switch (local.modeJs) {","","","","    // run browser js-env code - post-init","    case 'browser':","        // run tests","        local.nop(local.modeTest &&","            document.querySelector('#testRunButton1') &&","            document.querySelector('#testRunButton1').click());","        break;","","","","    // run node js-env code - post-init","    /* istanbul ignore next */","    case 'node':","        local.testCase_buildApidoc_default = local.testCase_buildApidoc_default || function (","            options,","            onError","        ) {","        /*","         * this function will test buildApidoc's default handling-behavior-behavior","         */","            options = { modulePathList: module.paths };","            local.buildApidoc(options, onError);","        };","","        local.testCase_buildApp_default = local.testCase_buildApp_default || function (","            options,","            onError","        ) {","        /*","         * this function will test buildApp's default handling-behavior-behavior","         */","            local.testCase_buildReadme_default(options, local.onErrorThrow);","            local.testCase_buildLib_default(options, local.onErrorThrow);","            local.testCase_buildTest_default(options, local.onErrorThrow);","            local.testCase_buildCustomOrg_default(options, local.onErrorThrow);","            options = [];","            local.buildApp(options, onError);","        };","","        local.testCase_buildCustomOrg_default = local.testCase_buildCustomOrg_default ||","            function (options, onError) {","            /*","             * this function will test buildCustomOrg's default handling-behavior","             */","                options = {};","                local.buildCustomOrg(options, onError);","            };","","        local.testCase_buildLib_default = local.testCase_buildLib_default || function (","            options,","            onError","        ) {","        /*","         * this function will test buildLib's default handling-behavior","         */","            options = {};","            local.buildLib(options, onError);","        };","","        local.testCase_buildReadme_default = local.testCase_buildReadme_default || function (","            options,","            onError","        ) {","        /*","         * this function will test buildReadme's default handling-behavior-behavior","         */","            options = {};","            local.buildReadme(options, onError);","        };","","        local.testCase_buildTest_default = local.testCase_buildTest_default || function (","            options,","            onError","        ) {","        /*","         * this function will test buildTest's default handling-behavior","         */","            options = {};","            local.buildTest(options, onError);","        };","","        local.testCase_webpage_default = local.testCase_webpage_default || function (","            options,","            onError","        ) {","        /*","         * this function will test webpage's default handling-behavior","         */","            options = { modeCoverageMerge: true, url: local.serverLocalHost + '?modeTest=1' };","            local.browserTest(options, onError);","        };","","        // run test-server","        local.testRunServer(local);","        break;","    }","}());",""],"l":{"12":2,"14":2,"19":2,"21":2,"23":2,"24":2,"25":2,"30":1,"37":2,"40":2,"43":1,"47":1,"50":1,"52":1,"55":2,"61":2,"62":2,"64":2,"70":1,"76":1,"82":2,"83":2,"85":2,"92":1,"95":1,"102":1,"109":1,"110":1,"113":1,"120":1,"121":1,"122":1,"123":1,"124":1,"125":1,"128":1,"133":2,"134":2,"137":1,"144":2,"145":2,"148":1,"155":2,"156":2,"159":1,"166":2,"167":2,"170":1,"177":1,"178":1,"182":1,"183":1}},"/home/travis/build/npmtest/node-npmtest-gauss/lib.npmtest_gauss.js":{"path":"/home/travis/build/npmtest/node-npmtest-gauss/lib.npmtest_gauss.js","s":{"1":2,"2":2,"3":2,"4":2,"5":2,"6":2,"7":2,"8":1,"9":2,"10":2,"11":2,"12":2,"13":1,"14":1,"15":1,"16":1},"b":{"1":[2,1,1,1],"2":[1,1,1,1],"3":[1,1],"4":[2,2],"5":[1,1]},"f":{"1":2,"2":2,"3":2},"fnMap":{"1":{"name":"(anonymous_1)","line":12,"loc":{"start":{"line":12,"column":1},"end":{"line":12,"column":13}}},"2":{"name":"(anonymous_2)","line":19,"loc":{"start":{"line":19,"column":5},"end":{"line":19,"column":17}}},"3":{"name":"(anonymous_3)","line":23,"loc":{"start":{"line":23,"column":24},"end":{"line":23,"column":36}}}},"statementMap":{"1":{"start":{"line":12,"column":0},"end":{"line":53,"column":5}},"2":{"start":{"line":14,"column":4},"end":{"line":14,"column":14}},"3":{"start":{"line":19,"column":4},"end":{"line":52,"column":9}},"4":{"start":{"line":21,"column":8},"end":{"line":21,"column":19}},"5":{"start":{"line":23,"column":8},"end":{"line":35,"column":13}},"6":{"start":{"line":24,"column":12},"end":{"line":34,"column":13}},"7":{"start":{"line":25,"column":16},"end":{"line":28,"column":30}},"8":{"start":{"line":30,"column":16},"end":{"line":33,"column":27}},"9":{"start":{"line":37,"column":8},"end":{"line":39,"column":21}},"10":{"start":{"line":41,"column":8},"end":{"line":41,"column":54}},"11":{"start":{"line":43,"column":8},"end":{"line":43,"column":50}},"12":{"start":{"line":45,"column":8},"end":{"line":51,"column":9}},"13":{"start":{"line":46,"column":12},"end":{"line":46,"column":56}},"14":{"start":{"line":48,"column":12},"end":{"line":48,"column":35}},"15":{"start":{"line":49,"column":12},"end":{"line":49,"column":49}},"16":{"start":{"line":50,"column":12},"end":{"line":50,"column":43}}},"branchMap":{"1":{"line":25,"type":"binary-expr","locations":[{"start":{"line":25,"column":23},"end":{"line":25,"column":62}},{"start":{"line":26,"column":20},"end":{"line":26,"column":70}},{"start":{"line":27,"column":20},"end":{"line":27,"column":71}},{"start":{"line":28,"column":20},"end":{"line":28,"column":29}}]},"2":{"line":30,"type":"binary-expr","locations":[{"start":{"line":30,"column":23},"end":{"line":30,"column":37}},{"start":{"line":31,"column":20},"end":{"line":31,"column":61}},{"start":{"line":32,"column":20},"end":{"line":32,"column":70}},{"start":{"line":33,"column":20},"end":{"line":33,"column":26}}]},"3":{"line":37,"type":"cond-expr","locations":[{"start":{"line":38,"column":14},"end":{"line":38,"column":20}},{"start":{"line":39,"column":14},"end":{"line":39,"column":20}}]},"4":{"line":41,"type":"binary-expr","locations":[{"start":{"line":41,"column":16},"end":{"line":41,"column":44}},{"start":{"line":41,"column":48},"end":{"line":41,"column":53}}]},"5":{"line":45,"type":"if","locations":[{"start":{"line":45,"column":8},"end":{"line":45,"column":8}},{"start":{"line":45,"column":8},"end":{"line":45,"column":8}}]}},"code":["/* istanbul instrument in package npmtest_gauss */","/*jslint","    bitwise: true,","    browser: true,","    maxerr: 8,","    maxlen: 96,","    node: true,","    nomen: true,","    regexp: true,","    stupid: true","*/","(function () {","    'use strict';","    var local;","","","","    // run shared js-env code - pre-init","    (function () {","        // init local","        local = {};","        // init modeJs","        local.modeJs = (function () {","            try {","                return typeof navigator.userAgent === 'string' &&","                    typeof document.querySelector('body') === 'object' &&","                    typeof XMLHttpRequest.prototype.open === 'function' &&","                    'browser';","            } catch (errorCaughtBrowser) {","                return module.exports &&","                    typeof process.versions.node === 'string' &&","                    typeof require('http').createServer === 'function' &&","                    'node';","            }","        }());","        // init global","        local.global = local.modeJs === 'browser'","            ? window","            : global;","        // init utility2_rollup","        local = local.global.utility2_rollup || local;","        // init lib","        local.local = local.npmtest_gauss = local;","        // init exports","        if (local.modeJs === 'browser') {","            local.global.utility2_npmtest_gauss = local;","        } else {","            module.exports = local;","            module.exports.__dirname = __dirname;","            module.exports.module = module;","        }","    }());","}());",""],"l":{"12":2,"14":2,"19":2,"21":2,"23":2,"24":2,"25":2,"30":1,"37":2,"41":2,"43":2,"45":2,"46":1,"48":1,"49":1,"50":1}},"/home/travis/build/npmtest/node-npmtest-gauss/example.js":{"path":"/home/travis/build/npmtest/node-npmtest-gauss/example.js","s":{"1":2,"2":2,"3":2,"4":2,"5":2,"6":2,"7":2,"8":1,"9":2,"10":2,"11":2,"12":2,"13":1,"14":2,"15":2,"16":2,"17":2,"18":2,"19":0,"20":2,"21":1,"22":1,"23":1,"24":1,"25":1,"26":0,"27":0,"28":1,"29":1,"30":2,"31":0,"32":0,"33":0,"34":1,"35":2,"36":2,"37":2,"38":2,"39":2,"40":2,"41":0,"42":2,"43":2,"44":2,"45":1,"46":3,"47":1,"48":1,"49":1,"50":1,"51":1,"52":1,"53":1,"54":1,"55":1,"56":1,"57":0,"58":1,"59":6,"60":6,"61":1,"62":2,"63":0,"64":2,"65":1,"66":1,"67":0,"68":0,"69":0,"70":0,"71":0,"72":0,"73":0,"74":0,"75":0,"76":0,"77":0,"78":0,"79":0,"80":0,"81":0,"82":0,"83":0},"b":{"1":[2,1,1,1],"2":[1,1,1,1],"3":[1,1],"4":[2,2],"5":[1,1],"6":[1,1],"7":[2,0],"8":[2,1,1,1,1,1],"9":[0,2,0],"10":[1,1],"11":[2,1,1],"12":[1,0],"13":[0,2],"14":[2,0,0,0,0,0,0],"15":[0,2],"16":[2,0],"17":[1,1],"18":[0,1],"19":[1,2,0,2],"20":[1,0],"21":[1,1],"22":[0,0],"23":[0,0],"24":[0,0],"25":[0,0],"26":[0,0],"27":[0,0],"28":[0,0]},"f":{"1":2,"2":2,"3":2,"4":2,"5":2,"6":2,"7":2,"8":2,"9":3,"10":1,"11":6,"12":0},"fnMap":{"1":{"name":"(anonymous_1)","line":26,"loc":{"start":{"line":26,"column":1},"end":{"line":26,"column":13}}},"2":{"name":"(anonymous_2)","line":33,"loc":{"start":{"line":33,"column":5},"end":{"line":33,"column":17}}},"3":{"name":"(anonymous_3)","line":37,"loc":{"start":{"line":37,"column":24},"end":{"line":37,"column":36}}},"4":{"name":"(anonymous_4)","line":69,"loc":{"start":{"line":69,"column":31},"end":{"line":69,"column":48}},"skip":true},"5":{"name":"(anonymous_5)","line":78,"loc":{"start":{"line":78,"column":26},"end":{"line":78,"column":45}},"skip":true},"6":{"name":"(anonymous_6)","line":123,"loc":{"start":{"line":123,"column":33},"end":{"line":123,"column":48}},"skip":true},"7":{"name":"(anonymous_7)","line":125,"loc":{"start":{"line":125,"column":27},"end":{"line":125,"column":39}},"skip":true},"8":{"name":"(anonymous_8)","line":133,"loc":{"start":{"line":133,"column":59},"end":{"line":133,"column":74}},"skip":true},"9":{"name":"(anonymous_9)","line":143,"loc":{"start":{"line":143,"column":45},"end":{"line":143,"column":62}},"skip":true},"10":{"name":"(anonymous_10)","line":144,"loc":{"start":{"line":144,"column":73},"end":{"line":144,"column":92}},"skip":true},"11":{"name":"(anonymous_11)","line":272,"loc":{"start":{"line":272,"column":51},"end":{"line":272,"column":77}},"skip":true},"12":{"name":"(anonymous_12)","line":314,"loc":{"start":{"line":314,"column":32},"end":{"line":314,"column":61}},"skip":true}},"statementMap":{"1":{"start":{"line":26,"column":0},"end":{"line":325,"column":5}},"2":{"start":{"line":28,"column":4},"end":{"line":28,"column":14}},"3":{"start":{"line":33,"column":4},"end":{"line":60,"column":9}},"4":{"start":{"line":35,"column":8},"end":{"line":35,"column":19}},"5":{"start":{"line":37,"column":8},"end":{"line":49,"column":13}},"6":{"start":{"line":38,"column":12},"end":{"line":48,"column":13}},"7":{"start":{"line":39,"column":16},"end":{"line":42,"column":30}},"8":{"start":{"line":44,"column":16},"end":{"line":47,"column":27}},"9":{"start":{"line":51,"column":8},"end":{"line":53,"column":21}},"10":{"start":{"line":55,"column":8},"end":{"line":57,"column":45}},"11":{"start":{"line":59,"column":8},"end":{"line":59,"column":35}},"12":{"start":{"line":61,"column":4},"end":{"line":324,"column":5}},"13":{"start":{"line":69,"column":8},"end":{"line":121,"column":10},"skip":true},"14":{"start":{"line":70,"column":12},"end":{"line":88,"column":13},"skip":true},"15":{"start":{"line":76,"column":16},"end":{"line":87,"column":19},"skip":true},"16":{"start":{"line":79,"column":20},"end":{"line":86,"column":21},"skip":true},"17":{"start":{"line":82,"column":24},"end":{"line":82,"column":43},"skip":true},"18":{"start":{"line":83,"column":24},"end":{"line":83,"column":30},"skip":true},"19":{"start":{"line":85,"column":24},"end":{"line":85,"column":49},"skip":true},"20":{"start":{"line":89,"column":12},"end":{"line":107,"column":13},"skip":true},"21":{"start":{"line":92,"column":16},"end":{"line":102,"column":17},"skip":true},"22":{"start":{"line":93,"column":20},"end":{"line":93,"column":86},"skip":true},"23":{"start":{"line":94,"column":20},"end":{"line":95,"column":45},"skip":true},"24":{"start":{"line":96,"column":20},"end":{"line":96,"column":42},"skip":true},"25":{"start":{"line":97,"column":20},"end":{"line":97,"column":48},"skip":true},"26":{"start":{"line":100,"column":20},"end":{"line":100,"column":85},"skip":true},"27":{"start":{"line":101,"column":20},"end":{"line":101,"column":96},"skip":true},"28":{"start":{"line":103,"column":16},"end":{"line":103,"column":22},"skip":true},"29":{"start":{"line":106,"column":16},"end":{"line":106,"column":22},"skip":true},"30":{"start":{"line":108,"column":12},"end":{"line":120,"column":13},"skip":true},"31":{"start":{"line":114,"column":16},"end":{"line":119,"column":17},"skip":true},"32":{"start":{"line":116,"column":20},"end":{"line":116,"column":78},"skip":true},"33":{"start":{"line":118,"column":20},"end":{"line":118,"column":47},"skip":true},"34":{"start":{"line":123,"column":8},"end":{"line":141,"column":11},"skip":true},"35":{"start":{"line":124,"column":12},"end":{"line":124,"column":54},"skip":true},"36":{"start":{"line":125,"column":12},"end":{"line":140,"column":14},"skip":true},"37":{"start":{"line":126,"column":16},"end":{"line":126,"column":28},"skip":true},"38":{"start":{"line":127,"column":16},"end":{"line":127,"column":69},"skip":true},"39":{"start":{"line":128,"column":16},"end":{"line":128,"column":75},"skip":true},"40":{"start":{"line":129,"column":16},"end":{"line":131,"column":17},"skip":true},"41":{"start":{"line":130,"column":20},"end":{"line":130,"column":27},"skip":true},"42":{"start":{"line":133,"column":16},"end":{"line":137,"column":36},"skip":true},"43":{"start":{"line":134,"column":20},"end":{"line":136,"column":55},"skip":true},"44":{"start":{"line":139,"column":16},"end":{"line":139,"column":57},"skip":true},"45":{"start":{"line":143,"column":8},"end":{"line":147,"column":11},"skip":true},"46":{"start":{"line":144,"column":12},"end":{"line":146,"column":15},"skip":true},"47":{"start":{"line":145,"column":16},"end":{"line":145,"column":70},"skip":true},"48":{"start":{"line":149,"column":8},"end":{"line":149,"column":31},"skip":true},"49":{"start":{"line":150,"column":8},"end":{"line":150,"column":14},"skip":true},"50":{"start":{"line":158,"column":8},"end":{"line":158,"column":31},"skip":true},"51":{"start":{"line":160,"column":8},"end":{"line":160,"column":33},"skip":true},"52":{"start":{"line":161,"column":8},"end":{"line":161,"column":37},"skip":true},"53":{"start":{"line":162,"column":8},"end":{"line":162,"column":35},"skip":true},"54":{"start":{"line":164,"column":8},"end":{"line":164,"column":50},"skip":true},"55":{"start":{"line":166,"column":8},"end":{"line":256,"column":2},"skip":true},"56":{"start":{"line":258,"column":8},"end":{"line":286,"column":9},"skip":true},"57":{"start":{"line":259,"column":12},"end":{"line":269,"column":14},"skip":true},"58":{"start":{"line":271,"column":12},"end":{"line":285,"column":19},"skip":true},"59":{"start":{"line":274,"column":20},"end":{"line":274,"column":35},"skip":true},"60":{"start":{"line":275,"column":20},"end":{"line":284,"column":21},"skip":true},"61":{"start":{"line":277,"column":24},"end":{"line":277,"column":64},"skip":true},"62":{"start":{"line":279,"column":24},"end":{"line":279,"column":40},"skip":true},"63":{"start":{"line":281,"column":24},"end":{"line":281,"column":40},"skip":true},"64":{"start":{"line":283,"column":24},"end":{"line":283,"column":39},"skip":true},"65":{"start":{"line":288,"column":8},"end":{"line":290,"column":9},"skip":true},"66":{"start":{"line":289,"column":12},"end":{"line":289,"column":18},"skip":true},"67":{"start":{"line":291,"column":8},"end":{"line":293,"column":54},"skip":true},"68":{"start":{"line":294,"column":8},"end":{"line":301,"column":37},"skip":true},"69":{"start":{"line":302,"column":8},"end":{"line":302,"column":82},"skip":true},"70":{"start":{"line":305,"column":8},"end":{"line":307,"column":9},"skip":true},"71":{"start":{"line":306,"column":12},"end":{"line":306,"column":82},"skip":true},"72":{"start":{"line":309,"column":8},"end":{"line":311,"column":9},"skip":true},"73":{"start":{"line":310,"column":12},"end":{"line":310,"column":18},"skip":true},"74":{"start":{"line":312,"column":8},"end":{"line":312,"column":54},"skip":true},"75":{"start":{"line":313,"column":8},"end":{"line":313,"column":69},"skip":true},"76":{"start":{"line":314,"column":8},"end":{"line":322,"column":36},"skip":true},"77":{"start":{"line":315,"column":12},"end":{"line":315,"column":61},"skip":true},"78":{"start":{"line":316,"column":12},"end":{"line":319,"column":13},"skip":true},"79":{"start":{"line":317,"column":16},"end":{"line":317,"column":75},"skip":true},"80":{"start":{"line":318,"column":16},"end":{"line":318,"column":23},"skip":true},"81":{"start":{"line":320,"column":12},"end":{"line":320,"column":38},"skip":true},"82":{"start":{"line":321,"column":12},"end":{"line":321,"column":27},"skip":true},"83":{"start":{"line":323,"column":8},"end":{"line":323,"column":14},"skip":true}},"branchMap":{"1":{"line":39,"type":"binary-expr","locations":[{"start":{"line":39,"column":23},"end":{"line":39,"column":62}},{"start":{"line":40,"column":20},"end":{"line":40,"column":70}},{"start":{"line":41,"column":20},"end":{"line":41,"column":71}},{"start":{"line":42,"column":20},"end":{"line":42,"column":29}}]},"2":{"line":44,"type":"binary-expr","locations":[{"start":{"line":44,"column":23},"end":{"line":44,"column":37}},{"start":{"line":45,"column":20},"end":{"line":45,"column":61}},{"start":{"line":46,"column":20},"end":{"line":46,"column":70}},{"start":{"line":47,"column":20},"end":{"line":47,"column":26}}]},"3":{"line":51,"type":"cond-expr","locations":[{"start":{"line":52,"column":14},"end":{"line":52,"column":20}},{"start":{"line":53,"column":14},"end":{"line":53,"column":20}}]},"4":{"line":55,"type":"binary-expr","locations":[{"start":{"line":55,"column":16},"end":{"line":55,"column":44}},{"start":{"line":55,"column":49},"end":{"line":57,"column":43}}]},"5":{"line":55,"type":"cond-expr","locations":[{"start":{"line":56,"column":14},"end":{"line":56,"column":49}},{"start":{"line":57,"column":14},"end":{"line":57,"column":43}}]},"6":{"line":61,"type":"switch","locations":[{"start":{"line":68,"column":4},"end":{"line":150,"column":14},"skip":true},{"start":{"line":156,"column":4},"end":{"line":323,"column":14},"skip":true}]},"7":{"line":70,"type":"if","locations":[{"start":{"line":70,"column":12},"end":{"line":70,"column":12},"skip":true},{"start":{"line":70,"column":12},"end":{"line":70,"column":12},"skip":true}]},"8":{"line":70,"type":"binary-expr","locations":[{"start":{"line":70,"column":16},"end":{"line":70,"column":22},"skip":true},{"start":{"line":70,"column":27},"end":{"line":70,"column":32},"skip":true},{"start":{"line":71,"column":20},"end":{"line":71,"column":39},"skip":true},{"start":{"line":72,"column":20},"end":{"line":72,"column":49},"skip":true},{"start":{"line":73,"column":20},"end":{"line":73,"column":58},"skip":true},{"start":{"line":74,"column":20},"end":{"line":74,"column":69},"skip":true}]},"9":{"line":79,"type":"switch","locations":[{"start":{"line":80,"column":20},"end":{"line":80,"column":33},"skip":true},{"start":{"line":81,"column":20},"end":{"line":83,"column":30},"skip":true},{"start":{"line":84,"column":20},"end":{"line":85,"column":49},"skip":true}]},"10":{"line":89,"type":"switch","locations":[{"start":{"line":90,"column":12},"end":{"line":103,"column":22},"skip":true},{"start":{"line":105,"column":12},"end":{"line":106,"column":22},"skip":true}]},"11":{"line":89,"type":"binary-expr","locations":[{"start":{"line":89,"column":20},"end":{"line":89,"column":25},"skip":true},{"start":{"line":89,"column":29},"end":{"line":89,"column":48},"skip":true},{"start":{"line":89,"column":52},"end":{"line":89,"column":74},"skip":true}]},"12":{"line":92,"type":"if","locations":[{"start":{"line":92,"column":16},"end":{"line":92,"column":16},"skip":true},{"start":{"line":92,"column":16},"end":{"line":92,"column":16},"skip":true}]},"13":{"line":108,"type":"if","locations":[{"start":{"line":108,"column":12},"end":{"line":108,"column":12},"skip":true},{"start":{"line":108,"column":12},"end":{"line":108,"column":12},"skip":true}]},"14":{"line":108,"type":"binary-expr","locations":[{"start":{"line":108,"column":16},"end":{"line":108,"column":61},"skip":true},{"start":{"line":108,"column":66},"end":{"line":108,"column":72},"skip":true},{"start":{"line":108,"column":77},"end":{"line":108,"column":82},"skip":true},{"start":{"line":109,"column":20},"end":{"line":109,"column":39},"skip":true},{"start":{"line":110,"column":20},"end":{"line":110,"column":49},"skip":true},{"start":{"line":111,"column":20},"end":{"line":111,"column":58},"skip":true},{"start":{"line":112,"column":20},"end":{"line":112,"column":68},"skip":true}]},"15":{"line":129,"type":"if","locations":[{"start":{"line":129,"column":16},"end":{"line":129,"column":16},"skip":true},{"start":{"line":129,"column":16},"end":{"line":129,"column":16},"skip":true}]},"16":{"line":134,"type":"cond-expr","locations":[{"start":{"line":135,"column":26},"end":{"line":135,"column":29},"skip":true},{"start":{"line":136,"column":26},"end":{"line":136,"column":54},"skip":true}]},"17":{"line":164,"type":"binary-expr","locations":[{"start":{"line":164,"column":27},"end":{"line":164,"column":43},"skip":true},{"start":{"line":164,"column":47},"end":{"line":164,"column":49},"skip":true}]},"18":{"line":258,"type":"if","locations":[{"start":{"line":258,"column":8},"end":{"line":258,"column":8},"skip":true},{"start":{"line":258,"column":8},"end":{"line":258,"column":8},"skip":true}]},"19":{"line":275,"type":"switch","locations":[{"start":{"line":276,"column":20},"end":{"line":277,"column":64},"skip":true},{"start":{"line":278,"column":20},"end":{"line":279,"column":40},"skip":true},{"start":{"line":280,"column":20},"end":{"line":281,"column":40},"skip":true},{"start":{"line":282,"column":20},"end":{"line":283,"column":39},"skip":true}]},"20":{"line":288,"type":"if","locations":[{"start":{"line":288,"column":8},"end":{"line":288,"column":8},"skip":true},{"start":{"line":288,"column":8},"end":{"line":288,"column":8},"skip":true}]},"21":{"line":288,"type":"binary-expr","locations":[{"start":{"line":288,"column":12},"end":{"line":288,"column":40},"skip":true},{"start":{"line":288,"column":44},"end":{"line":288,"column":67},"skip":true}]},"22":{"line":292,"type":"binary-expr","locations":[{"start":{"line":292,"column":12},"end":{"line":292,"column":50},"skip":true},{"start":{"line":293,"column":12},"end":{"line":293,"column":53},"skip":true}]},"23":{"line":295,"type":"binary-expr","locations":[{"start":{"line":295,"column":12},"end":{"line":295,"column":63},"skip":true},{"start":{"line":296,"column":12},"end":{"line":301,"column":36},"skip":true}]},"24":{"line":302,"type":"binary-expr","locations":[{"start":{"line":302,"column":43},"end":{"line":302,"column":75},"skip":true},{"start":{"line":302,"column":79},"end":{"line":302,"column":81},"skip":true}]},"25":{"line":305,"type":"if","locations":[{"start":{"line":305,"column":8},"end":{"line":305,"column":8},"skip":true},{"start":{"line":305,"column":8},"end":{"line":305,"column":8},"skip":true}]},"26":{"line":309,"type":"if","locations":[{"start":{"line":309,"column":8},"end":{"line":309,"column":8},"skip":true},{"start":{"line":309,"column":8},"end":{"line":309,"column":8},"skip":true}]},"27":{"line":312,"type":"binary-expr","locations":[{"start":{"line":312,"column":27},"end":{"line":312,"column":43},"skip":true},{"start":{"line":312,"column":47},"end":{"line":312,"column":53},"skip":true}]},"28":{"line":316,"type":"if","locations":[{"start":{"line":316,"column":12},"end":{"line":316,"column":12},"skip":true},{"start":{"line":316,"column":12},"end":{"line":316,"column":12},"skip":true}]}},"code":["/*","example.js","","quickstart example","","instruction","    1. save this script as example.js","    2. run the shell command:","        $ npm install npmtest-gauss && PORT=8081 node example.js","    3. play with the browser-demo on http://127.0.0.1:8081","*/","","","","/* istanbul instrument in package npmtest_gauss */","/*jslint","    bitwise: true,","    browser: true,","    maxerr: 8,","    maxlen: 96,","    node: true,","    nomen: true,","    regexp: true,","    stupid: true","*/","(function () {","    'use strict';","    var local;","","","","    // run shared js-env code - pre-init","    (function () {","        // init local","        local = {};","        // init modeJs","        local.modeJs = (function () {","            try {","                return typeof navigator.userAgent === 'string' &&","                    typeof document.querySelector('body') === 'object' &&","                    typeof XMLHttpRequest.prototype.open === 'function' &&","                    'browser';","            } catch (errorCaughtBrowser) {","                return module.exports &&","                    typeof process.versions.node === 'string' &&","                    typeof require('http').createServer === 'function' &&","                    'node';","            }","        }());","        // init global","        local.global = local.modeJs === 'browser'","            ? window","            : global;","        // init utility2_rollup","        local = local.global.utility2_rollup || (local.modeJs === 'browser'","            ? local.global.utility2_npmtest_gauss","            : global.utility2_moduleExports);","        // export local","        local.global.local = local;","    }());","    switch (local.modeJs) {","","","","    // post-init","    // run browser js-env code - post-init","    /* istanbul ignore next */","    case 'browser':","        local.testRunBrowser = function (event) {","            if (!event || (event &&","                    event.currentTarget &&","                    event.currentTarget.className &&","                    event.currentTarget.className.includes &&","                    event.currentTarget.className.includes('onreset'))) {","                // reset output","                Array.from(","                    document.querySelectorAll('body > .resettable')","                ).forEach(function (element) {","                    switch (element.tagName) {","                    case 'INPUT':","                    case 'TEXTAREA':","                        element.value = '';","                        break;","                    default:","                        element.textContent = '';","                    }","                });","            }","            switch (event && event.currentTarget && event.currentTarget.id) {","            case 'testRunButton1':","                // show tests","                if (document.querySelector('#testReportDiv1').style.display === 'none') {","                    document.querySelector('#testReportDiv1').style.display = 'block';","                    document.querySelector('#testRunButton1').textContent =","                        'hide internal test';","                    local.modeTest = true;","                    local.testRunDefault(local);","                // hide tests","                } else {","                    document.querySelector('#testReportDiv1').style.display = 'none';","                    document.querySelector('#testRunButton1').textContent = 'run internal test';","                }","                break;","            // custom-case","            default:","                break;","            }","            if (document.querySelector('#inputTextareaEval1') && (!event || (event &&","                    event.currentTarget &&","                    event.currentTarget.className &&","                    event.currentTarget.className.includes &&","                    event.currentTarget.className.includes('oneval')))) {","                // try to eval input-code","                try {","                    /*jslint evil: true*/","                    eval(document.querySelector('#inputTextareaEval1').value);","                } catch (errorCaught) {","                    console.error(errorCaught);","                }","            }","        };","        // log stderr and stdout to #outputTextareaStdout1","        ['error', 'log'].forEach(function (key) {","            console[key + '_original'] = console[key];","            console[key] = function () {","                var element;","                console[key + '_original'].apply(console, arguments);","                element = document.querySelector('#outputTextareaStdout1');","                if (!element) {","                    return;","                }","                // append text to #outputTextareaStdout1","                element.value += Array.from(arguments).map(function (arg) {","                    return typeof arg === 'string'","                        ? arg","                        : JSON.stringify(arg, null, 4);","                }).join(' ') + '\\n';","                // scroll textarea to bottom","                element.scrollTop = element.scrollHeight;","            };","        });","        // init event-handling","        ['change', 'click', 'keyup'].forEach(function (event) {","            Array.from(document.querySelectorAll('.on' + event)).forEach(function (element) {","                element.addEventListener(event, local.testRunBrowser);","            });","        });","        // run tests","        local.testRunBrowser();","        break;","","","","    // run node js-env code - post-init","    /* istanbul ignore next */","    case 'node':","        // export local","        module.exports = local;","        // require modules","        local.fs = require('fs');","        local.http = require('http');","        local.url = require('url');","        // init assets","        local.assetsDict = local.assetsDict || {};","        /* jslint-ignore-begin */","        local.assetsDict['/assets.index.template.html'] = '\\","<!doctype html>\\n\\","<html lang=\"en\">\\n\\","<head>\\n\\","<meta charset=\"UTF-8\">\\n\\","<meta name=\"viewport\" content=\"width=device-width, initial-scale=1\">\\n\\","<title>{{env.npm_package_name}} (v{{env.npm_package_version}})</title>\\n\\","<style>\\n\\","/*csslint\\n\\","    box-sizing: false,\\n\\","    universal-selector: false\\n\\","*/\\n\\","* {\\n\\","    box-sizing: border-box;\\n\\","}\\n\\","body {\\n\\","    background: #dde;\\n\\","    font-family: Arial, Helvetica, sans-serif;\\n\\","    margin: 2rem;\\n\\","}\\n\\","body > * {\\n\\","    margin-bottom: 1rem;\\n\\","}\\n\\",".utility2FooterDiv {\\n\\","    margin-top: 20px;\\n\\","    text-align: center;\\n\\","}\\n\\","</style>\\n\\","<style>\\n\\","/*csslint\\n\\","*/\\n\\","textarea {\\n\\","    font-family: monospace;\\n\\","    height: 10rem;\\n\\","    width: 100%;\\n\\","}\\n\\","textarea[readonly] {\\n\\","    background: #ddd;\\n\\","}\\n\\","</style>\\n\\","</head>\\n\\","<body>\\n\\","<!-- utility2-comment\\n\\","<div id=\"ajaxProgressDiv1\" style=\"background: #d00; height: 2px; left: 0; margin: 0; padding: 0; position: fixed; top: 0; transition: background 0.5s, width 1.5s; width: 25%;\"></div>\\n\\","utility2-comment -->\\n\\","<h1>\\n\\","<!-- utility2-comment\\n\\","    <a\\n\\","        {{#if env.npm_package_homepage}}\\n\\","        href=\"{{env.npm_package_homepage}}\"\\n\\","        {{/if env.npm_package_homepage}}\\n\\","        target=\"_blank\"\\n\\","    >\\n\\","utility2-comment -->\\n\\","        {{env.npm_package_name}} (v{{env.npm_package_version}})\\n\\","<!-- utility2-comment\\n\\","    </a>\\n\\","utility2-comment -->\\n\\","</h1>\\n\\","<h3>{{env.npm_package_description}}</h3>\\n\\","<!-- utility2-comment\\n\\","<h4><a download href=\"assets.app.js\">download standalone app</a></h4>\\n\\","<button class=\"onclick onreset\" id=\"testRunButton1\">run internal test</button><br>\\n\\","<div id=\"testReportDiv1\" style=\"display: none;\"></div>\\n\\","utility2-comment -->\\n\\","\\n\\","\\n\\","\\n\\","<label>stderr and stdout</label>\\n\\","<textarea class=\"resettable\" id=\"outputTextareaStdout1\" readonly></textarea>\\n\\","<!-- utility2-comment\\n\\","{{#if isRollup}}\\n\\","<script src=\"assets.app.js\"></script>\\n\\","{{#unless isRollup}}\\n\\","utility2-comment -->\\n\\","<script src=\"assets.utility2.rollup.js\"></script>\\n\\","<script src=\"jsonp.utility2._stateInit?callback=window.utility2._stateInit\"></script>\\n\\","<script src=\"assets.npmtest_gauss.rollup.js\"></script>\\n\\","<script src=\"assets.example.js\"></script>\\n\\","<script src=\"assets.test.js\"></script>\\n\\","<!-- utility2-comment\\n\\","{{/if isRollup}}\\n\\","utility2-comment -->\\n\\","<div class=\"utility2FooterDiv\">\\n\\","    [ this app was created with\\n\\","    <a href=\"https://github.com/kaizhu256/node-utility2\" target=\"_blank\">utility2</a>\\n\\","    ]\\n\\","</div>\\n\\","</body>\\n\\","</html>\\n\\","';","        /* jslint-ignore-end */","        if (local.templateRender) {","            local.assetsDict['/'] = local.templateRender(","                local.assetsDict['/assets.index.template.html'],","                {","                    env: local.objectSetDefault(local.env, {","                        npm_package_description: 'the greatest app in the world!',","                        npm_package_name: 'my-app',","                        npm_package_nameAlias: 'my_app',","                        npm_package_version: '0.0.1'","                    })","                }","            );","        } else {","            local.assetsDict['/'] = local.assetsDict['/assets.index.template.html']","                .replace((/\\{\\{env\\.(\\w+?)\\}\\}/g), function (match0, match1) {","                    // jslint-hack","                    String(match0);","                    switch (match1) {","                    case 'npm_package_description':","                        return 'the greatest app in the world!';","                    case 'npm_package_name':","                        return 'my-app';","                    case 'npm_package_nameAlias':","                        return 'my_app';","                    case 'npm_package_version':","                        return '0.0.1';","                    }","                });","        }","        // run the cli","        if (local.global.utility2_rollup || module !== require.main) {","            break;","        }","        local.assetsDict['/assets.example.js'] =","            local.assetsDict['/assets.example.js'] ||","            local.fs.readFileSync(__filename, 'utf8');","        local.assetsDict['/assets.npmtest_gauss.rollup.js'] =","            local.assetsDict['/assets.npmtest_gauss.rollup.js'] ||","            local.fs.readFileSync(","                // buildCustomOrg-hack","                local.npmtest_gauss.__dirname +","                    '/lib.npmtest_gauss.js',","                'utf8'","            ).replace((/^#!/), '//');","        local.assetsDict['/favicon.ico'] = local.assetsDict['/favicon.ico'] || '';","        // if $npm_config_timeout_exit exists,","        // then exit this process after $npm_config_timeout_exit ms","        if (Number(process.env.npm_config_timeout_exit)) {","            setTimeout(process.exit, Number(process.env.npm_config_timeout_exit));","        }","        // start server","        if (local.global.utility2_serverHttp1) {","            break;","        }","        process.env.PORT = process.env.PORT || '8081';","        console.error('server starting on port ' + process.env.PORT);","        local.http.createServer(function (request, response) {","            request.urlParsed = local.url.parse(request.url);","            if (local.assetsDict[request.urlParsed.pathname] !== undefined) {","                response.end(local.assetsDict[request.urlParsed.pathname]);","                return;","            }","            response.statusCode = 404;","            response.end();","        }).listen(process.env.PORT);","        break;","    }","}());",""],"l":{"26":2,"28":2,"33":2,"35":2,"37":2,"38":2,"39":2,"44":1,"51":2,"55":2,"59":2,"61":2,"69":1,"70":2,"76":2,"79":2,"82":2,"83":2,"85":1,"89":2,"92":1,"93":1,"94":1,"96":1,"97":1,"100":1,"101":1,"103":1,"106":1,"108":2,"114":1,"116":1,"118":1,"123":1,"124":2,"125":2,"126":2,"127":2,"128":2,"129":2,"130":1,"133":2,"134":2,"139":2,"143":1,"144":3,"145":1,"149":1,"150":1,"158":1,"160":1,"161":1,"162":1,"164":1,"166":1,"258":1,"259":1,"271":1,"274":6,"275":6,"277":1,"279":2,"281":1,"283":2,"288":1,"289":1,"291":1,"294":1,"302":1,"305":1,"306":1,"309":1,"310":1,"312":1,"313":1,"314":1,"315":1,"316":1,"317":1,"318":1,"320":1,"321":1,"323":1}},"/home/travis/build/npmtest/node-npmtest-gauss/node_modules/gauss/index.js":{"path":"/home/travis/build/npmtest/node-npmtest-gauss/node_modules/gauss/index.js","s":{"1":1},"b":{},"f":{},"fnMap":{},"statementMap":{"1":{"start":{"line":1,"column":0},"end":{"line":1,"column":40}}},"branchMap":{},"code":["module.exports = require('./lib/gauss');"],"l":{"1":1}},"/home/travis/build/npmtest/node-npmtest-gauss/node_modules/gauss/lib/gauss.js":{"path":"/home/travis/build/npmtest/node-npmtest-gauss/node_modules/gauss/lib/gauss.js","s":{"1":1,"2":1,"3":1,"4":1,"5":1},"b":{},"f":{},"fnMap":{},"statementMap":{"1":{"start":{"line":8,"column":0},"end":{"line":10,"column":41}},"2":{"start":{"line":16,"column":0},"end":{"line":16,"column":27}},"3":{"start":{"line":22,"column":0},"end":{"line":22,"column":32}},"4":{"start":{"line":23,"column":0},"end":{"line":23,"column":24}},"5":{"start":{"line":24,"column":0},"end":{"line":24,"column":32}}},"branchMap":{},"code":["/**"," * Gauss"," * https://github.com/wayoutmind/gauss"," * Copyright(c) 2014 Fredrick Galoso"," * LICENSE: MIT/X11"," */","","var Collection = require('./collection'),","\tVector = require('./vector'),","    TimeSeries = require('./timeseries');","","/**"," * Library version"," */","","exports.version = '0.2.12';","","/**"," * Expose constructors"," */","","exports.Collection = Collection;","exports.Vector = Vector;","exports.TimeSeries = TimeSeries;",""],"l":{"8":1,"16":1,"22":1,"23":1,"24":1}},"/home/travis/build/npmtest/node-npmtest-gauss/node_modules/gauss/lib/collection.js":{"path":"/home/travis/build/npmtest/node-npmtest-gauss/node_modules/gauss/lib/collection.js","s":{"1":1,"2":1,"3":2,"4":2,"5":2,"6":2,"7":2,"8":0,"9":2,"10":2,"11":2,"12":52,"13":2,"14":2,"15":0,"16":0,"17":0,"18":0,"19":0,"20":0,"21":0,"22":0,"23":0,"24":0,"25":0,"26":0,"27":0,"28":0,"29":0,"30":0,"31":0,"32":0,"33":0,"34":0,"35":0,"36":0,"37":0,"38":0,"39":0,"40":0,"41":0,"42":0,"43":0,"44":0,"45":0,"46":0,"47":0,"48":0,"49":0,"50":0,"51":0,"52":0,"53":0,"54":0,"55":0,"56":0,"57":0,"58":0,"59":0,"60":0,"61":0,"62":0,"63":0,"64":0,"65":0,"66":0,"67":0,"68":0,"69":0,"70":0,"71":0,"72":0,"73":0,"74":0,"75":0,"76":0,"77":0,"78":0,"79":0,"80":0,"81":0,"82":0,"83":0,"84":0,"85":0,"86":0,"87":0,"88":0,"89":0,"90":0,"91":0,"92":0,"93":0,"94":0,"95":0,"96":0,"97":0,"98":0,"99":0,"100":0,"101":0,"102":0,"103":0,"104":0,"105":0,"106":0,"107":0,"108":0,"109":0,"110":0,"111":0,"112":0,"113":0,"114":0,"115":0,"116":0,"117":0,"118":0,"119":0,"120":0,"121":0,"122":0,"123":0,"124":0,"125":0,"126":0,"127":0,"128":0,"129":0,"130":0,"131":0,"132":0,"133":0,"134":0,"135":0,"136":0,"137":0,"138":0,"139":0,"140":0,"141":0,"142":0,"143":0,"144":0,"145":0,"146":0,"147":0,"148":0,"149":0,"150":0,"151":0,"152":0,"153":0,"154":0,"155":0,"156":0,"157":0,"158":0,"159":0,"160":0,"161":0,"162":0,"163":0,"164":0,"165":0,"166":0,"167":0,"168":0,"169":0,"170":0,"171":2,"172":1,"173":0,"174":1,"175":0,"176":0,"177":1},"b":{"1":[0,2],"2":[2,0],"3":[0,2],"4":[0,0],"5":[0,0],"6":[0,0],"7":[0,0],"8":[0,0],"9":[0,0],"10":[0,0],"11":[0,0],"12":[0,0],"13":[0,0],"14":[0,0],"15":[0,0],"16":[0,0],"17":[0,0],"18":[0,0],"19":[0,0],"20":[0,0],"21":[0,0],"22":[0,0],"23":[0,0],"24":[0,0],"25":[0,0],"26":[0,0],"27":[0,0],"28":[0,0],"29":[0,0],"30":[0,0],"31":[0,0],"32":[0,0],"33":[0,0],"34":[0,0],"35":[0,0],"36":[0,0],"37":[0,0],"38":[0,0],"39":[0,0],"40":[0,0],"41":[0,1],"42":[0,0]},"f":{"1":1,"2":2,"3":2,"4":2,"5":0,"6":0,"7":0,"8":0,"9":0,"10":0,"11":0,"12":0,"13":0,"14":0,"15":0,"16":0,"17":0,"18":0,"19":0,"20":0,"21":0,"22":0,"23":0,"24":0,"25":0,"26":0,"27":0,"28":0,"29":0,"30":0,"31":0,"32":0,"33":0,"34":0},"fnMap":{"1":{"name":"(anonymous_1)","line":7,"loc":{"start":{"line":7,"column":1},"end":{"line":7,"column":12}}},"2":{"name":"(anonymous_2)","line":8,"loc":{"start":{"line":8,"column":19},"end":{"line":8,"column":36}}},"3":{"name":"(anonymous_3)","line":18,"loc":{"start":{"line":18,"column":17},"end":{"line":18,"column":43}}},"4":{"name":"(anonymous_4)","line":32,"loc":{"start":{"line":32,"column":13},"end":{"line":32,"column":41}}},"5":{"name":"(anonymous_5)","line":47,"loc":{"start":{"line":47,"column":15},"end":{"line":47,"column":43}}},"6":{"name":"(anonymous_6)","line":62,"loc":{"start":{"line":62,"column":15},"end":{"line":62,"column":45}}},"7":{"name":"(anonymous_7)","line":77,"loc":{"start":{"line":77,"column":17},"end":{"line":77,"column":45}}},"8":{"name":"(anonymous_8)","line":98,"loc":{"start":{"line":98,"column":17},"end":{"line":98,"column":47}}},"9":{"name":"(anonymous_9)","line":119,"loc":{"start":{"line":119,"column":19},"end":{"line":119,"column":49}}},"10":{"name":"(anonymous_10)","line":134,"loc":{"start":{"line":134,"column":12},"end":{"line":134,"column":42}}},"11":{"name":"(anonymous_11)","line":136,"loc":{"start":{"line":136,"column":25},"end":{"line":136,"column":37}}},"12":{"name":"(anonymous_12)","line":161,"loc":{"start":{"line":161,"column":15},"end":{"line":161,"column":45}}},"13":{"name":"(anonymous_13)","line":163,"loc":{"start":{"line":163,"column":25},"end":{"line":163,"column":37}}},"14":{"name":"(anonymous_14)","line":185,"loc":{"start":{"line":185,"column":12},"end":{"line":185,"column":31}}},"15":{"name":"(anonymous_15)","line":215,"loc":{"start":{"line":215,"column":17},"end":{"line":215,"column":45}}},"16":{"name":"(anonymous_16)","line":227,"loc":{"start":{"line":227,"column":20},"end":{"line":227,"column":47}}},"17":{"name":"(anonymous_17)","line":242,"loc":{"start":{"line":242,"column":14},"end":{"line":242,"column":39}}},"18":{"name":"(anonymous_18)","line":250,"loc":{"start":{"line":250,"column":13},"end":{"line":250,"column":38}}},"19":{"name":"(anonymous_19)","line":255,"loc":{"start":{"line":255,"column":13},"end":{"line":255,"column":32}}},"20":{"name":"(anonymous_20)","line":270,"loc":{"start":{"line":270,"column":12},"end":{"line":270,"column":31}}},"21":{"name":"(anonymous_21)","line":275,"loc":{"start":{"line":275,"column":15},"end":{"line":275,"column":34}}},"22":{"name":"(anonymous_22)","line":282,"loc":{"start":{"line":282,"column":14},"end":{"line":282,"column":25}}},"23":{"name":"(anonymous_23)","line":300,"loc":{"start":{"line":300,"column":13},"end":{"line":300,"column":44}}},"24":{"name":"(anonymous_24)","line":320,"loc":{"start":{"line":320,"column":13},"end":{"line":320,"column":43}}},"25":{"name":"(anonymous_25)","line":323,"loc":{"start":{"line":323,"column":27},"end":{"line":323,"column":39}}},"26":{"name":"(anonymous_26)","line":328,"loc":{"start":{"line":328,"column":14},"end":{"line":328,"column":33}}},"27":{"name":"(anonymous_27)","line":340,"loc":{"start":{"line":340,"column":14},"end":{"line":340,"column":39}}},"28":{"name":"(anonymous_28)","line":344,"loc":{"start":{"line":344,"column":13},"end":{"line":344,"column":38}}},"29":{"name":"(anonymous_29)","line":348,"loc":{"start":{"line":348,"column":11},"end":{"line":348,"column":36}}},"30":{"name":"(anonymous_30)","line":352,"loc":{"start":{"line":352,"column":12},"end":{"line":352,"column":37}}},"31":{"name":"(anonymous_31)","line":356,"loc":{"start":{"line":356,"column":14},"end":{"line":356,"column":53}}},"32":{"name":"(anonymous_32)","line":373,"loc":{"start":{"line":373,"column":19},"end":{"line":373,"column":58}}},"33":{"name":"(anonymous_33)","line":390,"loc":{"start":{"line":390,"column":13},"end":{"line":390,"column":38}}},"34":{"name":"(anonymous_34)","line":399,"loc":{"start":{"line":399,"column":33},"end":{"line":399,"column":44}}}},"statementMap":{"1":{"start":{"line":7,"column":0},"end":{"line":410,"column":5}},"2":{"start":{"line":8,"column":2},"end":{"line":397,"column":4}},"3":{"start":{"line":10,"column":4},"end":{"line":12,"column":44}},"4":{"start":{"line":14,"column":4},"end":{"line":16,"column":5}},"5":{"start":{"line":15,"column":6},"end":{"line":15,"column":22}},"6":{"start":{"line":18,"column":4},"end":{"line":25,"column":6}},"7":{"start":{"line":19,"column":6},"end":{"line":24,"column":7}},"8":{"start":{"line":20,"column":8},"end":{"line":20,"column":31}},"9":{"start":{"line":23,"column":8},"end":{"line":23,"column":21}},"10":{"start":{"line":27,"column":4},"end":{"line":44,"column":7}},"11":{"start":{"line":33,"column":8},"end":{"line":39,"column":9}},"12":{"start":{"line":34,"column":10},"end":{"line":38,"column":13}},"13":{"start":{"line":40,"column":8},"end":{"line":40,"column":38}},"14":{"start":{"line":46,"column":4},"end":{"line":394,"column":7}},"15":{"start":{"line":48,"column":8},"end":{"line":48,"column":23}},"16":{"start":{"line":49,"column":8},"end":{"line":54,"column":9}},"17":{"start":{"line":50,"column":10},"end":{"line":53,"column":11}},"18":{"start":{"line":51,"column":12},"end":{"line":51,"column":22}},"19":{"start":{"line":52,"column":12},"end":{"line":52,"column":18}},"20":{"start":{"line":55,"column":8},"end":{"line":55,"column":39}},"21":{"start":{"line":63,"column":8},"end":{"line":63,"column":23}},"22":{"start":{"line":64,"column":8},"end":{"line":69,"column":9}},"23":{"start":{"line":65,"column":10},"end":{"line":68,"column":11}},"24":{"start":{"line":66,"column":12},"end":{"line":66,"column":22}},"25":{"start":{"line":67,"column":12},"end":{"line":67,"column":18}},"26":{"start":{"line":70,"column":8},"end":{"line":70,"column":39}},"27":{"start":{"line":78,"column":8},"end":{"line":80,"column":39}},"28":{"start":{"line":81,"column":8},"end":{"line":90,"column":9}},"29":{"start":{"line":82,"column":10},"end":{"line":82,"column":30}},"30":{"start":{"line":85,"column":10},"end":{"line":89,"column":11}},"31":{"start":{"line":86,"column":12},"end":{"line":88,"column":13}},"32":{"start":{"line":87,"column":14},"end":{"line":87,"column":30}},"33":{"start":{"line":91,"column":8},"end":{"line":91,"column":41}},"34":{"start":{"line":99,"column":8},"end":{"line":101,"column":39}},"35":{"start":{"line":102,"column":8},"end":{"line":111,"column":9}},"36":{"start":{"line":103,"column":10},"end":{"line":103,"column":30}},"37":{"start":{"line":106,"column":10},"end":{"line":110,"column":11}},"38":{"start":{"line":107,"column":12},"end":{"line":109,"column":13}},"39":{"start":{"line":108,"column":14},"end":{"line":108,"column":30}},"40":{"start":{"line":112,"column":8},"end":{"line":112,"column":41}},"41":{"start":{"line":120,"column":8},"end":{"line":120,"column":23}},"42":{"start":{"line":121,"column":8},"end":{"line":126,"column":9}},"43":{"start":{"line":122,"column":10},"end":{"line":125,"column":11}},"44":{"start":{"line":123,"column":12},"end":{"line":123,"column":22}},"45":{"start":{"line":124,"column":12},"end":{"line":124,"column":18}},"46":{"start":{"line":127,"column":8},"end":{"line":127,"column":39}},"47":{"start":{"line":135,"column":8},"end":{"line":136,"column":60}},"48":{"start":{"line":136,"column":39},"end":{"line":136,"column":57}},"49":{"start":{"line":137,"column":8},"end":{"line":153,"column":9}},"50":{"start":{"line":138,"column":10},"end":{"line":146,"column":11}},"51":{"start":{"line":139,"column":12},"end":{"line":139,"column":32}},"52":{"start":{"line":140,"column":12},"end":{"line":142,"column":13}},"53":{"start":{"line":141,"column":14},"end":{"line":141,"column":63}},"54":{"start":{"line":143,"column":12},"end":{"line":145,"column":13}},"55":{"start":{"line":144,"column":14},"end":{"line":144,"column":36}},"56":{"start":{"line":148,"column":10},"end":{"line":152,"column":11}},"57":{"start":{"line":149,"column":12},"end":{"line":151,"column":13}},"58":{"start":{"line":150,"column":14},"end":{"line":150,"column":36}},"59":{"start":{"line":154,"column":8},"end":{"line":154,"column":41}},"60":{"start":{"line":162,"column":8},"end":{"line":163,"column":60}},"61":{"start":{"line":163,"column":39},"end":{"line":163,"column":57}},"62":{"start":{"line":164,"column":8},"end":{"line":182,"column":9}},"63":{"start":{"line":165,"column":10},"end":{"line":174,"column":11}},"64":{"start":{"line":166,"column":12},"end":{"line":166,"column":32}},"65":{"start":{"line":167,"column":12},"end":{"line":169,"column":13}},"66":{"start":{"line":168,"column":14},"end":{"line":168,"column":63}},"67":{"start":{"line":170,"column":12},"end":{"line":173,"column":13}},"68":{"start":{"line":171,"column":14},"end":{"line":171,"column":32}},"69":{"start":{"line":172,"column":14},"end":{"line":172,"column":20}},"70":{"start":{"line":176,"column":10},"end":{"line":181,"column":11}},"71":{"start":{"line":177,"column":12},"end":{"line":180,"column":13}},"72":{"start":{"line":178,"column":14},"end":{"line":178,"column":32}},"73":{"start":{"line":179,"column":14},"end":{"line":179,"column":20}},"74":{"start":{"line":183,"column":8},"end":{"line":183,"column":41}},"75":{"start":{"line":186,"column":8},"end":{"line":188,"column":37}},"76":{"start":{"line":189,"column":8},"end":{"line":204,"column":9}},"77":{"start":{"line":190,"column":10},"end":{"line":190,"column":26}},"78":{"start":{"line":191,"column":10},"end":{"line":196,"column":11}},"79":{"start":{"line":192,"column":12},"end":{"line":192,"column":23}},"80":{"start":{"line":195,"column":12},"end":{"line":195,"column":21}},"81":{"start":{"line":197,"column":10},"end":{"line":203,"column":11}},"82":{"start":{"line":198,"column":12},"end":{"line":198,"column":38}},"83":{"start":{"line":199,"column":12},"end":{"line":199,"column":27}},"84":{"start":{"line":200,"column":17},"end":{"line":203,"column":11}},"85":{"start":{"line":201,"column":12},"end":{"line":201,"column":26}},"86":{"start":{"line":202,"column":12},"end":{"line":202,"column":27}},"87":{"start":{"line":205,"column":8},"end":{"line":207,"column":9}},"88":{"start":{"line":206,"column":10},"end":{"line":206,"column":27}},"89":{"start":{"line":208,"column":8},"end":{"line":208,"column":39}},"90":{"start":{"line":216,"column":8},"end":{"line":216,"column":21}},"91":{"start":{"line":217,"column":8},"end":{"line":220,"column":9}},"92":{"start":{"line":218,"column":10},"end":{"line":218,"column":42}},"93":{"start":{"line":219,"column":10},"end":{"line":219,"column":75}},"94":{"start":{"line":221,"column":8},"end":{"line":221,"column":38}},"95":{"start":{"line":228,"column":8},"end":{"line":229,"column":30}},"96":{"start":{"line":230,"column":8},"end":{"line":234,"column":9}},"97":{"start":{"line":231,"column":10},"end":{"line":232,"column":81}},"98":{"start":{"line":233,"column":10},"end":{"line":233,"column":48}},"99":{"start":{"line":235,"column":8},"end":{"line":235,"column":46}},"100":{"start":{"line":243,"column":8},"end":{"line":243,"column":49}},"101":{"start":{"line":244,"column":8},"end":{"line":244,"column":38}},"102":{"start":{"line":251,"column":8},"end":{"line":251,"column":53}},"103":{"start":{"line":252,"column":8},"end":{"line":252,"column":42}},"104":{"start":{"line":256,"column":8},"end":{"line":256,"column":51}},"105":{"start":{"line":257,"column":8},"end":{"line":266,"column":9}},"106":{"start":{"line":258,"column":10},"end":{"line":260,"column":11}},"107":{"start":{"line":259,"column":12},"end":{"line":259,"column":21}},"108":{"start":{"line":261,"column":10},"end":{"line":265,"column":11}},"109":{"start":{"line":262,"column":12},"end":{"line":262,"column":40}},"110":{"start":{"line":264,"column":12},"end":{"line":264,"column":32}},"111":{"start":{"line":267,"column":8},"end":{"line":267,"column":40}},"112":{"start":{"line":271,"column":8},"end":{"line":271,"column":48}},"113":{"start":{"line":272,"column":8},"end":{"line":272,"column":38}},"114":{"start":{"line":276,"column":8},"end":{"line":276,"column":53}},"115":{"start":{"line":277,"column":8},"end":{"line":277,"column":39}},"116":{"start":{"line":283,"column":8},"end":{"line":283,"column":57}},"117":{"start":{"line":284,"column":8},"end":{"line":284,"column":40}},"118":{"start":{"line":285,"column":8},"end":{"line":298,"column":9}},"119":{"start":{"line":286,"column":10},"end":{"line":291,"column":11}},"120":{"start":{"line":287,"column":12},"end":{"line":287,"column":71}},"121":{"start":{"line":290,"column":12},"end":{"line":290,"column":94}},"122":{"start":{"line":293,"column":13},"end":{"line":298,"column":9}},"123":{"start":{"line":294,"column":10},"end":{"line":294,"column":64}},"124":{"start":{"line":297,"column":10},"end":{"line":297,"column":61}},"125":{"start":{"line":301,"column":8},"end":{"line":301,"column":57}},"126":{"start":{"line":302,"column":8},"end":{"line":318,"column":9}},"127":{"start":{"line":303,"column":10},"end":{"line":303,"column":76}},"128":{"start":{"line":305,"column":13},"end":{"line":318,"column":9}},"129":{"start":{"line":306,"column":10},"end":{"line":311,"column":11}},"130":{"start":{"line":307,"column":12},"end":{"line":307,"column":73}},"131":{"start":{"line":310,"column":12},"end":{"line":310,"column":68}},"132":{"start":{"line":313,"column":13},"end":{"line":318,"column":9}},"133":{"start":{"line":314,"column":10},"end":{"line":314,"column":61}},"134":{"start":{"line":317,"column":10},"end":{"line":317,"column":56}},"135":{"start":{"line":321,"column":8},"end":{"line":321,"column":37}},"136":{"start":{"line":322,"column":8},"end":{"line":323,"column":67}},"137":{"start":{"line":323,"column":41},"end":{"line":323,"column":62}},"138":{"start":{"line":324,"column":8},"end":{"line":325,"column":39}},"139":{"start":{"line":326,"column":8},"end":{"line":326,"column":39}},"140":{"start":{"line":329,"column":8},"end":{"line":330,"column":38}},"141":{"start":{"line":331,"column":8},"end":{"line":334,"column":9}},"142":{"start":{"line":332,"column":10},"end":{"line":332,"column":32}},"143":{"start":{"line":333,"column":10},"end":{"line":333,"column":48}},"144":{"start":{"line":335,"column":8},"end":{"line":335,"column":40}},"145":{"start":{"line":341,"column":8},"end":{"line":341,"column":69}},"146":{"start":{"line":342,"column":8},"end":{"line":342,"column":36}},"147":{"start":{"line":345,"column":8},"end":{"line":345,"column":51}},"148":{"start":{"line":346,"column":8},"end":{"line":346,"column":35}},"149":{"start":{"line":349,"column":8},"end":{"line":349,"column":63}},"150":{"start":{"line":350,"column":8},"end":{"line":350,"column":33}},"151":{"start":{"line":353,"column":8},"end":{"line":353,"column":49}},"152":{"start":{"line":354,"column":8},"end":{"line":354,"column":34}},"153":{"start":{"line":357,"column":8},"end":{"line":357,"column":57}},"154":{"start":{"line":358,"column":8},"end":{"line":371,"column":9}},"155":{"start":{"line":359,"column":10},"end":{"line":359,"column":69}},"156":{"start":{"line":361,"column":13},"end":{"line":371,"column":9}},"157":{"start":{"line":362,"column":10},"end":{"line":367,"column":11}},"158":{"start":{"line":363,"column":12},"end":{"line":363,"column":57}},"159":{"start":{"line":366,"column":12},"end":{"line":366,"column":65}},"160":{"start":{"line":370,"column":10},"end":{"line":370,"column":49}},"161":{"start":{"line":374,"column":8},"end":{"line":374,"column":57}},"162":{"start":{"line":375,"column":8},"end":{"line":388,"column":9}},"163":{"start":{"line":376,"column":10},"end":{"line":376,"column":74}},"164":{"start":{"line":378,"column":13},"end":{"line":388,"column":9}},"165":{"start":{"line":379,"column":10},"end":{"line":384,"column":11}},"166":{"start":{"line":380,"column":12},"end":{"line":380,"column":62}},"167":{"start":{"line":383,"column":12},"end":{"line":383,"column":70}},"168":{"start":{"line":387,"column":10},"end":{"line":387,"column":54}},"169":{"start":{"line":391,"column":8},"end":{"line":391,"column":47}},"170":{"start":{"line":392,"column":8},"end":{"line":392,"column":39}},"171":{"start":{"line":396,"column":4},"end":{"line":396,"column":22}},"172":{"start":{"line":399,"column":2},"end":{"line":401,"column":4}},"173":{"start":{"line":400,"column":4},"end":{"line":400,"column":32}},"174":{"start":{"line":403,"column":2},"end":{"line":409,"column":3}},"175":{"start":{"line":404,"column":4},"end":{"line":404,"column":77}},"176":{"start":{"line":405,"column":4},"end":{"line":405,"column":41}},"177":{"start":{"line":408,"column":4},"end":{"line":408,"column":42}}},"branchMap":{"1":{"line":10,"type":"cond-expr","locations":[{"start":{"line":11,"column":6},"end":{"line":11,"column":12}},{"start":{"line":12,"column":6},"end":{"line":12,"column":43}}]},"2":{"line":14,"type":"if","locations":[{"start":{"line":14,"column":4},"end":{"line":14,"column":4}},{"start":{"line":14,"column":4},"end":{"line":14,"column":4}}]},"3":{"line":19,"type":"if","locations":[{"start":{"line":19,"column":6},"end":{"line":19,"column":6}},{"start":{"line":19,"column":6},"end":{"line":19,"column":6}}]},"4":{"line":50,"type":"if","locations":[{"start":{"line":50,"column":10},"end":{"line":50,"column":10}},{"start":{"line":50,"column":10},"end":{"line":50,"column":10}}]},"5":{"line":65,"type":"if","locations":[{"start":{"line":65,"column":10},"end":{"line":65,"column":10}},{"start":{"line":65,"column":10},"end":{"line":65,"column":10}}]},"6":{"line":81,"type":"if","locations":[{"start":{"line":81,"column":8},"end":{"line":81,"column":8}},{"start":{"line":81,"column":8},"end":{"line":81,"column":8}}]},"7":{"line":86,"type":"if","locations":[{"start":{"line":86,"column":12},"end":{"line":86,"column":12}},{"start":{"line":86,"column":12},"end":{"line":86,"column":12}}]},"8":{"line":102,"type":"if","locations":[{"start":{"line":102,"column":8},"end":{"line":102,"column":8}},{"start":{"line":102,"column":8},"end":{"line":102,"column":8}}]},"9":{"line":107,"type":"if","locations":[{"start":{"line":107,"column":12},"end":{"line":107,"column":12}},{"start":{"line":107,"column":12},"end":{"line":107,"column":12}}]},"10":{"line":122,"type":"if","locations":[{"start":{"line":122,"column":10},"end":{"line":122,"column":10}},{"start":{"line":122,"column":10},"end":{"line":122,"column":10}}]},"11":{"line":137,"type":"if","locations":[{"start":{"line":137,"column":8},"end":{"line":137,"column":8}},{"start":{"line":137,"column":8},"end":{"line":137,"column":8}}]},"12":{"line":143,"type":"if","locations":[{"start":{"line":143,"column":12},"end":{"line":143,"column":12}},{"start":{"line":143,"column":12},"end":{"line":143,"column":12}}]},"13":{"line":149,"type":"if","locations":[{"start":{"line":149,"column":12},"end":{"line":149,"column":12}},{"start":{"line":149,"column":12},"end":{"line":149,"column":12}}]},"14":{"line":164,"type":"if","locations":[{"start":{"line":164,"column":8},"end":{"line":164,"column":8}},{"start":{"line":164,"column":8},"end":{"line":164,"column":8}}]},"15":{"line":170,"type":"if","locations":[{"start":{"line":170,"column":12},"end":{"line":170,"column":12}},{"start":{"line":170,"column":12},"end":{"line":170,"column":12}}]},"16":{"line":177,"type":"if","locations":[{"start":{"line":177,"column":12},"end":{"line":177,"column":12}},{"start":{"line":177,"column":12},"end":{"line":177,"column":12}}]},"17":{"line":191,"type":"if","locations":[{"start":{"line":191,"column":10},"end":{"line":191,"column":10}},{"start":{"line":191,"column":10},"end":{"line":191,"column":10}}]},"18":{"line":197,"type":"if","locations":[{"start":{"line":197,"column":10},"end":{"line":197,"column":10}},{"start":{"line":197,"column":10},"end":{"line":197,"column":10}}]},"19":{"line":200,"type":"if","locations":[{"start":{"line":200,"column":17},"end":{"line":200,"column":17}},{"start":{"line":200,"column":17},"end":{"line":200,"column":17}}]},"20":{"line":205,"type":"if","locations":[{"start":{"line":205,"column":8},"end":{"line":205,"column":8}},{"start":{"line":205,"column":8},"end":{"line":205,"column":8}}]},"21":{"line":217,"type":"if","locations":[{"start":{"line":217,"column":8},"end":{"line":217,"column":8}},{"start":{"line":217,"column":8},"end":{"line":217,"column":8}}]},"22":{"line":231,"type":"cond-expr","locations":[{"start":{"line":232,"column":12},"end":{"line":232,"column":52}},{"start":{"line":232,"column":55},"end":{"line":232,"column":80}}]},"23":{"line":251,"type":"binary-expr","locations":[{"start":{"line":251,"column":25},"end":{"line":251,"column":36}},{"start":{"line":251,"column":40},"end":{"line":251,"column":51}}]},"24":{"line":256,"type":"cond-expr","locations":[{"start":{"line":256,"column":43},"end":{"line":256,"column":45}},{"start":{"line":256,"column":48},"end":{"line":256,"column":50}}]},"25":{"line":258,"type":"if","locations":[{"start":{"line":258,"column":10},"end":{"line":258,"column":10}},{"start":{"line":258,"column":10},"end":{"line":258,"column":10}}]},"26":{"line":261,"type":"if","locations":[{"start":{"line":261,"column":10},"end":{"line":261,"column":10}},{"start":{"line":261,"column":10},"end":{"line":261,"column":10}}]},"27":{"line":261,"type":"binary-expr","locations":[{"start":{"line":261,"column":14},"end":{"line":261,"column":21}},{"start":{"line":261,"column":25},"end":{"line":261,"column":52}}]},"28":{"line":285,"type":"if","locations":[{"start":{"line":285,"column":8},"end":{"line":285,"column":8}},{"start":{"line":285,"column":8},"end":{"line":285,"column":8}}]},"29":{"line":286,"type":"if","locations":[{"start":{"line":286,"column":10},"end":{"line":286,"column":10}},{"start":{"line":286,"column":10},"end":{"line":286,"column":10}}]},"30":{"line":293,"type":"if","locations":[{"start":{"line":293,"column":13},"end":{"line":293,"column":13}},{"start":{"line":293,"column":13},"end":{"line":293,"column":13}}]},"31":{"line":302,"type":"if","locations":[{"start":{"line":302,"column":8},"end":{"line":302,"column":8}},{"start":{"line":302,"column":8},"end":{"line":302,"column":8}}]},"32":{"line":305,"type":"if","locations":[{"start":{"line":305,"column":13},"end":{"line":305,"column":13}},{"start":{"line":305,"column":13},"end":{"line":305,"column":13}}]},"33":{"line":306,"type":"if","locations":[{"start":{"line":306,"column":10},"end":{"line":306,"column":10}},{"start":{"line":306,"column":10},"end":{"line":306,"column":10}}]},"34":{"line":313,"type":"if","locations":[{"start":{"line":313,"column":13},"end":{"line":313,"column":13}},{"start":{"line":313,"column":13},"end":{"line":313,"column":13}}]},"35":{"line":358,"type":"if","locations":[{"start":{"line":358,"column":8},"end":{"line":358,"column":8}},{"start":{"line":358,"column":8},"end":{"line":358,"column":8}}]},"36":{"line":361,"type":"if","locations":[{"start":{"line":361,"column":13},"end":{"line":361,"column":13}},{"start":{"line":361,"column":13},"end":{"line":361,"column":13}}]},"37":{"line":362,"type":"if","locations":[{"start":{"line":362,"column":10},"end":{"line":362,"column":10}},{"start":{"line":362,"column":10},"end":{"line":362,"column":10}}]},"38":{"line":375,"type":"if","locations":[{"start":{"line":375,"column":8},"end":{"line":375,"column":8}},{"start":{"line":375,"column":8},"end":{"line":375,"column":8}}]},"39":{"line":378,"type":"if","locations":[{"start":{"line":378,"column":13},"end":{"line":378,"column":13}},{"start":{"line":378,"column":13},"end":{"line":378,"column":13}}]},"40":{"line":379,"type":"if","locations":[{"start":{"line":379,"column":10},"end":{"line":379,"column":10}},{"start":{"line":379,"column":10},"end":{"line":379,"column":10}}]},"41":{"line":403,"type":"if","locations":[{"start":{"line":403,"column":2},"end":{"line":403,"column":2}},{"start":{"line":403,"column":2},"end":{"line":403,"column":2}}]},"42":{"line":404,"type":"cond-expr","locations":[{"start":{"line":404,"column":58},"end":{"line":404,"column":60}},{"start":{"line":404,"column":63},"end":{"line":404,"column":75}}]}},"code":["/**"," * Collection: n-dimensional array/set"," * Extends upon the Array datatype for set operations."," * @author Fredrick Galoso"," */","","(function() {","  var Collection = function(values) {","    \"use strict\";","    var collection = Array.isArray(values) ?","      values :","      Array.prototype.slice.call(arguments);","","    if (Array.prototype.slice.call(arguments).length === 0) {","      collection = [];","    }","","    var result = function(value, callback) {","      if (callback) {","        return callback(value);","      }","      else {","        return value;","      }","    };","","    Object.defineProperty(collection, 'extend', {","      /**","       * Return a Collection extended with named functions.","       * @param methods Object { 'functionName': function() {} }","       */","      value: function(methods, callback) {","        for (var method in methods) {","          Object.defineProperty(this, method, {","            value: methods[method],","            writable: true,","            enumerable: false","          });","        }","        return result(this, callback);","      },","      writable: true,","      enumerable: false","    });","","    collection.extend({","      indexOf: function(element, callback) {","        var index = -1;","        for (var i = 0; i < this.length; i++) {","          if (this[i] === element) {","            index = i;","            break;","          }","        }","        return result(index, callback);","      },","      /**","       * Returns the first index of an element that matches a condition.","       * @param predicate {Function}","       * @param callback {Function}","       */","      indexBy: function(predicate, callback) {","        var index = -1;","        for (var i = 0; i < this.length; i++) {","          if (predicate(this[i])) {","            index = i;","            break;","          }","        }","        return result(index, callback);","      },","      /**","       * Returns the indices of all elements that match a value.","       * @param element {Object}","       * @param callback {Function}","       */","      indicesOf: function(element, callback) {","        var start = this.indexOf(element),","            end = this.lastIndexOf(element),","            indices = new Collection();","        if (start === end) {","          indices.push(start);","        }","        else {","          for (var i = start; i <= end; i++) {","            if (this[i] === element) {","              indices.push(i);","            }","          }","        }","        return result(indices, callback);","      },","      /**","       * Returns all indices of an element that match a condition.","       * @param predicate {Function}","       * @param callback {Function}","       */","      indicesBy: function(predicate, callback) {","        var start = 0,","            end = this.length - 1,","            indices = new Collection();","        if (start === end) {","          indices.push(start);","        }","        else {","          for (var i = start; i <= end; i++) {","            if (predicate(this[i])) {","              indices.push(i);","            }","          }","        }","        return result(indices, callback);","      },","      /**","       * Returns the last index of an element that matches a condition.","       * @param predicate {Function}","       * @param callback {Function}","       */","      lastIndexBy: function(predicate, callback) {","        var index = -1;","        for (var i = this.length - 1; i >= 0; i--) {","         
[...]
"       * [Math]","       * Apply JavaScript Math methods to an entire Vector set of numbers","       */","      max: function(callback) {","        var max = Math.max.apply({}, this);","        return result(max, callback);","      },","      min: function(callback) {","        var min = Math.min.apply({}, this);","        return result(min, callback);","      },","      abs: function(callback) {","        var abs = this.map(Math.abs);","        return result(abs, callback);","      },","      acos: function(callback) {","        var acos = this.map(Math.acos);","        return result(acos, callback);","      },","      asin: function(callback) {","        var asin = this.map(Math.asin);","        return result(asin, callback);","      },","      atan: function(callback) {","        var atan = this.map(Math.atan);","        return result(atan, callback);","      },","      ceil: function(callback) {","        var ceil = this.map(Math.ceil);","        return result(ceil, callback);","      },","      cos: function(callback) {","        var cos = this.map(Math.cos);","        return result(cos, callback);","      },","      exp: function(callback) {","        var exp = this.map(Math.exp);","        return result(exp, callback);","      },","      floor: function(callback) {","        var floor = this.map(Math.floor);","        return result(floor, callback);","      },","      log: function(callback) {","        var log = this.map(Math.log);","        return result(log, callback);","      },","      pow: function(exponent, callback) {","        var pow = this.map(function(x) {","          return Math.pow(x, exponent);","        });","        return result(pow, callback);","      },","      round: function(callback) {","        var round = this.map(Math.round);","        return result(round, callback);","      },","      sin: function(callback) {","        var sin = this.map(Math.sin);","        return result(sin, callback);","      },","      sqrt: function(callback) {","        var sqrt = this.map(Math.sqrt);","        return result(sqrt, callback);","      },","      tan: function(callback) {","        var tan = this.map(Math.tan);","        return result(tan, callback);","      },","      /**","       * Override Array methods and add Vector functionality","       *","       * [Mutator methods]","       *","      /* Returns updated Vector and performs on-line calculations */","      push: function() {","        var mean = (this.length === 0) ? 0.0 : cache.sum / this.length;","        var variance = (this.length === 0) ? 0.0 : cache.variance * this.length;","        var args = Array.prototype.slice.call(arguments);","        var end = args[args.length - 1];","        var length = this.length;","","        if (typeof end === 'function') {","          for (var i = 0; i < args.length - 1; i++) {","            Array.prototype.push.call(this, args[i]);","            Array.prototype.push.call(cache.values, args[i]);","","            // Update variance","            var _mean = mean;","            mean += (args[i] - _mean) / this.length;","            variance += (args[i] - _mean) * (args[i] - mean);","","            // Update aggregates","            cache.sum += args[i];","            cache.product *= args[i];","","            length++;","          }","          variance /= this.length;","          // Memoize variance","          cache.variance = variance;","          return end(length);","        }","        else {","          for (var i = 0; i < args.length; i++) {","            Array.prototype.push.call(this, args[i]);","            Array.prototype.push.call(cache.values, args[i]);","","            // Update variance","            var _mean = mean;","            mean += (args[i] - _mean) / this.length;","            variance += (args[i] - _mean) * (args[i] - mean);","","            // Update aggregates","            cache.sum += args[i];","            cache.product *= args[i];","","            length++;","          }","          variance /= this.length;","          // Memoize variance","          cache.variance = variance;","          return length;","        }","      },","      /**","       * [Binary operations]","       */","      /**","       *","       * Returns a new vector which is the result of adding the input, element-wise to existing vector.","       * Supports scalars and arrays of the same length of the original vector","       */","      add: function(that, callback) {","        var add = new Vector();","        if (Array.isArray(that)) {","          if (that.length !== this.length) {","            throw new RangeError(\"Cannot add vectors of differing lengths\");","          }","          for (var i = 0; i < this.length; i++) {","            add[i] = this[i] + that[i];","          }","        }","        else {","          for (var j = 0; j < this.length; j++) {","            add[j] = this[j] + that;","          }","        }","        return result(add, callback);","      },","      /**","       *","       * Returns a new vector which is the result of element-wise subtracting the input from the original vector.","       * Supports scalars and arrays of the same length of the original vector","       */","      subtract: function(that, callback) {","        var subtract = new Vector();","        if (Array.isArray(that)) {","          if (that.length !== this.length) {","            throw new RangeError(\"Cannot subtract vectors of differing lengths\");","          }","          for (var i = 0; i < this.length; i++) {","            subtract[i] = this[i] - that[i];","          }","        }","        else {","          for (var j = 0; j < this.length; j++) {","            subtract[j] = this[j] - that;","          }","        }","        return result(subtract, callback);","      },","      /**","       *","       * Returns a new vector which is the result of element-wise multiplying the original by the input.","       * Supports scalars and arrays of the same length of the original vector","       */","      multiply: function(that, callback) {","        var multiply = new Vector();","        if (Array.isArray(that)) {","          if (that.length !== this.length) {","            throw new RangeError(\"Cannot multiply vectors of differing lengths\");","          }","          for (var i = 0; i < this.length; i++) {","            multiply[i] = this[i] * that[i];","          }","        }","        else {","          for (var j = 0; j < this.length; j++) {","            multiply[j] = this[j] * that;","          }","        }","        return result(multiply, callback);","      },","      /**","       *","       * Returns a new vector which is the result of element-wise dividing the original by the input.","       * Supports scalars and arrays of the same length of the original vector","       */","      divide: function(that, callback) {","        var divide = new Vector();","        if (Array.isArray(that)) {","          if (that.length !== this.length) {","            throw new RangeError(\"Cannnot divide vectors of differing lengths\");","          }","          for (var i = 0; i < this.length; i++) {","            divide[i] = this[i] / that[i];","          }","        }","        else {","          for (var j = 0; j < this.length; j++) {","            divide[j] = this[j] / that;","          }","        }","        return result(divide, callback);","      }","    });","","    cache.sum = vector.sum();","    cache.product = vector.product();","    cache.variance = vector.variance();","","    return vector;","  };","","  Array.prototype.toVector = function() {","    return new Vector(this);","  };","","  if (typeof window !== 'undefined') {","    window.gauss = (typeof window.gauss === 'undefined' ? {} : window.gauss);","    window.gauss.Vector = Vector;","  }","  else {","    exports = module.exports = Vector;","  }","})();",""],"l":{"7":1,"8":1,"10":1,"12":1,"14":0,"18":0,"19":0,"23":0,"33":0,"34":0,"38":0,"39":0,"42":0,"43":0,"45":0,"46":0,"49":0,"53":0,"54":0,"55":0,"58":0,"62":0,"68":0,"69":0,"75":0,"79":0,"82":0,"85":0,"88":0,"91":0,"94":0,"101":0,"104":0,"111":0,"112":0,"113":0,"114":0,"117":0,"121":0,"124":0,"127":0,"133":0,"137":0,"141":0,"144":0,"147":0,"150":0,"151":0,"152":0,"155":0,"156":0,"159":0,"160":0,"162":0,"165":0,"166":0,"167":0,"170":0,"171":0,"173":0,"174":0,"177":0,"180":0,"181":0,"184":0,"185":0,"188":1,"189":0,"190":0,"192":0,"194":0,"195":0,"198":0,"199":0,"202":0,"203":0,"204":0,"206":0,"207":0,"210":0,"211":0,"212":0,"215":0,"218":0,"219":0,"223":0,"225":0,"226":0,"229":0,"230":0,"231":0,"232":0,"234":0,"236":0,"237":0,"239":0,"242":0,"243":0,"244":0,"247":0,"249":0,"257":0,"258":0,"259":0,"260":0,"261":0,"263":0,"276":0,"277":0,"278":0,"279":0,"280":0,"283":0,"284":0,"285":0,"287":0,"290":0,"291":0,"292":0,"293":0,"294":0,"295":0,"297":0,"298":0,"299":0,"300":0,"303":0,"307":0,"308":0,"309":0,"311":0,"319":0,"320":0,"321":0,"325":0,"326":0,"327":0,"328":0,"329":0,"332":0,"344":0,"345":0,"346":0,"348":0,"351":0,"354":0,"355":0,"361":0,"369":0,"370":0,"373":0,"374":0,"377":1,"378":0,"379":0,"381":0,"383":0,"384":0,"387":0,"388":0,"391":0,"392":0,"393":0,"395":0,"396":0,"399":0,"401":0,"402":0,"405":0,"406":0,"407":0,"408":0,"410":0,"412":0,"413":0,"415":0,"418":0,"419":0,"427":0,"428":0,"431":0,"432":0,"435":0,"436":0,"439":0,"440":0,"443":0,"444":0,"447":0,"448":0,"451":0,"452":0,"455":0,"456":0,"459":0,"460":0,"463":0,"464":0,"467":0,"468":0,"471":0,"472":0,"474":0,"477":0,"478":0,"481":0,"482":0,"485":0,"486":0,"489":0,"490":0,"499":0,"500":0,"501":0,"502":0,"503":0,"505":0,"506":0,"507":0,"508":0,"511":0,"512":0,"513":0,"516":0,"517":0,"519":0,"521":0,"523":0,"524":0,"527":0,"528":0,"529":0,"532":0,"533":0,"534":0,"537":0,"538":0,"540":0,"542":0,"544":0,"545":0,"557":0,"558":0,"559":0,"560":0,"562":0,"563":0,"567":0,"568":0,"571":0,"579":0,"580":0,"581":0,"582":0,"584":0,"585":0,"589":0,"590":0,"593":0,"601":0,"602":0,"603":0,"604":0,"606":0,"607":0,"611":0,"612":0,"615":0,"623":0,"624":0,"625":0,"626":0,"628":0,"629":0,"633":0,"634":0,"637":0,"641":0,"642":0,"643":0,"645":0,"648":1,"649":0,"652":1,"653":0,"654":0,"657":1}},"/home/travis/build/npmtest/node-npmtest-gauss/node_modules/gauss/lib/timeseries.js":{"path":"/home/travis/build/npmtest/node-npmtest-gauss/node_modules/gauss/lib/timeseries.js","s":{"1":1,"2":1,"3":1,"4":1,"5":1,"6":0,"7":0,"8":0,"9":0,"10":0,"11":0,"12":0,"13":0,"14":0,"15":0,"16":0,"17":0,"18":0,"19":0,"20":0,"21":0,"22":0,"23":0,"24":0,"25":0,"26":0,"27":1,"28":0,"29":1,"30":0,"31":0,"32":1},"b":{"1":[1,0],"2":[1,0],"3":[0,0],"4":[0,0],"5":[0,0],"6":[0,0],"7":[0,0],"8":[0,0],"9":[0,0],"10":[0,1],"11":[0,0]},"f":{"1":1,"2":0,"3":0,"4":0,"5":0,"6":0,"7":0,"8":0,"9":0,"10":0,"11":0},"fnMap":{"1":{"name":"(anonymous_1)","line":7,"loc":{"start":{"line":7,"column":1},"end":{"line":7,"column":12}}},"2":{"name":"(anonymous_2)","line":14,"loc":{"start":{"line":14,"column":19},"end":{"line":14,"column":36}}},"3":{"name":"(anonymous_3)","line":24,"loc":{"start":{"line":24,"column":17},"end":{"line":24,"column":43}}},"4":{"name":"(anonymous_4)","line":38,"loc":{"start":{"line":38,"column":13},"end":{"line":38,"column":41}}},"5":{"name":"(anonymous_5)","line":47,"loc":{"start":{"line":47,"column":15},"end":{"line":47,"column":30}}},"6":{"name":"(anonymous_6)","line":50,"loc":{"start":{"line":50,"column":14},"end":{"line":50,"column":29}}},"7":{"name":"(anonymous_7)","line":53,"loc":{"start":{"line":53,"column":13},"end":{"line":53,"column":32}}},"8":{"name":"(anonymous_8)","line":54,"loc":{"start":{"line":54,"column":62},"end":{"line":54,"column":74}}},"9":{"name":"(anonymous_9)","line":59,"loc":{"start":{"line":59,"column":14},"end":{"line":59,"column":33}}},"10":{"name":"(anonymous_10)","line":60,"loc":{"start":{"line":60,"column":63},"end":{"line":60,"column":75}}},"11":{"name":"(anonymous_11)","line":75,"loc":{"start":{"line":75,"column":33},"end":{"line":75,"column":44}}}},"statementMap":{"1":{"start":{"line":7,"column":0},"end":{"line":86,"column":5}},"2":{"start":{"line":8,"column":2},"end":{"line":9,"column":54}},"3":{"start":{"line":10,"column":2},"end":{"line":10,"column":32}},"4":{"start":{"line":11,"column":2},"end":{"line":12,"column":46}},"5":{"start":{"line":14,"column":2},"end":{"line":73,"column":4}},"6":{"start":{"line":16,"column":4},"end":{"line":18,"column":13}},"7":{"start":{"line":20,"column":4},"end":{"line":22,"column":5}},"8":{"start":{"line":21,"column":6},"end":{"line":21,"column":22}},"9":{"start":{"line":24,"column":4},"end":{"line":31,"column":6}},"10":{"start":{"line":25,"column":6},"end":{"line":30,"column":7}},"11":{"start":{"line":26,"column":8},"end":{"line":26,"column":31}},"12":{"start":{"line":29,"column":8},"end":{"line":29,"column":21}},"13":{"start":{"line":33,"column":4},"end":{"line":44,"column":7}},"14":{"start":{"line":39,"column":8},"end":{"line":39,"column":37}},"15":{"start":{"line":40,"column":8},"end":{"line":40,"column":56}},"16":{"start":{"line":46,"column":4},"end":{"line":65,"column":7}},"17":{"start":{"line":48,"column":8},"end":{"line":48,"column":62}},"18":{"start":{"line":51,"column":8},"end":{"line":51,"column":62}},"19":{"start":{"line":54,"column":8},"end":{"line":56,"column":12}},"20":{"start":{"line":55,"column":10},"end":{"line":55,"column":22}},"21":{"start":{"line":57,"column":8},"end":{"line":57,"column":39}},"22":{"start":{"line":60,"column":8},"end":{"line":62,"column":12}},"23":{"start":{"line":61,"column":10},"end":{"line":61,"column":22}},"24":{"start":{"line":63,"column":8},"end":{"line":63,"column":40}},"25":{"start":{"line":67,"column":4},"end":{"line":70,"column":7}},"26":{"start":{"line":72,"column":4},"end":{"line":72,"column":22}},"27":{"start":{"line":75,"column":2},"end":{"line":77,"column":4}},"28":{"start":{"line":76,"column":4},"end":{"line":76,"column":32}},"29":{"start":{"line":79,"column":2},"end":{"line":85,"column":3}},"30":{"start":{"line":80,"column":4},"end":{"line":80,"column":77}},"31":{"start":{"line":81,"column":4},"end":{"line":81,"column":41}},"32":{"start":{"line":84,"column":4},"end":{"line":84,"column":42}}},"branchMap":{"1":{"line":8,"type":"cond-expr","locations":[{"start":{"line":9,"column":4},"end":{"line":9,"column":27}},{"start":{"line":9,"column":30},"end":{"line":9,"column":53}}]},"2":{"line":11,"type":"cond-expr","locations":[{"start":{"line":12,"column":4},"end":{"line":12,"column":23}},{"start":{"line":12,"column":26},"end":{"line":12,"column":45}}]},"3":{"line":16,"type":"cond-expr","locations":[{"start":{"line":17,"column":6},"end":{"line":17,"column":43}},{"start":{"line":18,"column":6},"end":{"line":18,"column":12}}]},"4":{"line":20,"type":"if","locations":[{"start":{"line":20,"column":4},"end":{"line":20,"column":4}},{"start":{"line":20,"column":4},"end":{"line":20,"column":4}}]},"5":{"line":25,"type":"if","locations":[{"start":{"line":25,"column":6},"end":{"line":25,"column":6}},{"start":{"line":25,"column":6},"end":{"line":25,"column":6}}]},"6":{"line":48,"type":"cond-expr","locations":[{"start":{"line":48,"column":32},"end":{"line":48,"column":34}},{"start":{"line":48,"column":38},"end":{"line":48,"column":59}}]},"7":{"line":48,"type":"cond-expr","locations":[{"start":{"line":48,"column":54},"end":{"line":48,"column":55}},{"start":{"line":48,"column":58},"end":{"line":48,"column":59}}]},"8":{"line":51,"type":"cond-expr","locations":[{"start":{"line":51,"column":32},"end":{"line":51,"column":34}},{"start":{"line":51,"column":38},"end":{"line":51,"column":59}}]},"9":{"line":51,"type":"cond-expr","locations":[{"start":{"line":51,"column":54},"end":{"line":51,"column":55}},{"start":{"line":51,"column":58},"end":{"line":51,"column":59}}]},"10":{"line":79,"type":"if","locations":[{"start":{"line":79,"column":2},"end":{"line":79,"column":2}},{"start":{"line":79,"column":2},"end":{"line":79,"column":2}}]},"11":{"line":80,"type":"cond-expr","locations":[{"start":{"line":80,"column":58},"end":{"line":80,"column":60}},{"start":{"line":80,"column":63},"end":{"line":80,"column":75}}]}},"code":["/**"," * TimeSeries: Nested array"," * Facilitates analysis of time series."," * @author Fredrick Galoso"," */","","(function() {","  var Collection = (typeof window === 'undefined') ?","    require('./collection') : window.gauss.Collection;","  Collection = new Collection();","  var Vector = (typeof window === 'undefined') ?","    require('./vector') : window.gauss.Vector;","","  var TimeSeries = function(values) {","    \"use strict\";","    var timeseries = (arguments.length === 2) ?","      Array.prototype.slice.call(arguments) :","      values;","","    if (Array.prototype.slice.call(arguments).length === 0) {","      timeseries = [];","    }","","    var result = function(value, callback) {","      if (callback) {","        return callback(value);","      }","      else {","        return value;","      }","    };","","    Object.defineProperty(timeseries, 'extend', {","      /**","       * Return a TimeSeries extended with named functions.","       * @param methods Object { 'functionName': function() {} }","       */","      value: function(methods, callback) {","        Collection.extend.bind(this);","        return Collection.extend.apply(this, arguments);","      },","      writable: true,","      enumerable: false","    });","","    timeseries.extend({","      byValue: function(a, b) {","        return ((a[1] < b[1]) ? -1 : ((a[1] > b[1]) ? 1 : 0));","      },","      byDate: function(a, b) {","        return ((a[0] < b[0]) ? -1 : ((a[0] > b[0]) ? 1 : 0));","      },","      times: function(callback) {","        var times = new Vector(Array.prototype.map.call(this, function(i) {","          return i[0];","        }));","        return result(times, callback);","      },","      values: function(callback) {","        var values = new Vector(Array.prototype.map.call(this, function(i) {","          return i[1];","        }));","        return result(values, callback);","      }","    });","","    timeseries.extend({","      every: Collection.every,","      append: Collection.append","    });","","    return timeseries;","  };","","  Array.prototype.toTimeSeries = function() {","    return new TimeSeries(this);","  };","","  if (typeof window !== 'undefined') {","    window.gauss = (typeof window.gauss === 'undefined' ? {} : window.gauss);","    window.gauss.TimeSeries = TimeSeries;","  }","  else {","    exports = module.exports = TimeSeries;","  }","})();",""],"l":{"7":1,"8":1,"10":1,"11":1,"14":1,"16":0,"20":0,"21":0,"24":0,"25":0,"26":0,"29":0,"33":0,"39":0,"40":0,"46":0,"48":0,"51":0,"54":0,"55":0,"57":0,"60":0,"61":0,"63":0,"67":0,"72":0,"75":1,"76":0,"79":1,"80":0,"81":0,"84":1}},"/home/travis/build/npmtest/node-npmtest-gauss/node_modules/gauss/lib/amd.js":{"path":"/home/travis/build/npmtest/node-npmtest-gauss/node_modules/gauss/lib/amd.js","s":{"1":2,"2":0,"3":0,"4":0},"b":{"1":[0,0],"2":[0,0]},"f":{"1":0,"2":0},"fnMap":{"1":{"name":"(anonymous_1)","line":1,"loc":{"start":{"line":1,"column":1},"end":{"line":1,"column":17}}},"2":{"name":"(anonymous_2)","line":3,"loc":{"start":{"line":3,"column":24},"end":{"line":3,"column":35}}}},"statementMap":{"1":{"start":{"line":1,"column":0},"end":{"line":7,"column":17}},"2":{"start":{"line":2,"column":2},"end":{"line":6,"column":3}},"3":{"start":{"line":3,"column":4},"end":{"line":5,"column":7}},"4":{"start":{"line":4,"column":6},"end":{"line":4,"column":19}}},"branchMap":{"1":{"line":2,"type":"if","locations":[{"start":{"line":2,"column":2},"end":{"line":2,"column":2}},{"start":{"line":2,"column":2},"end":{"line":2,"column":2}}]},"2":{"line":2,"type":"binary-expr","locations":[{"start":{"line":2,"column":6},"end":{"line":2,"column":34}},{"start":{"line":2,"column":38},"end":{"line":2,"column":48}}]}},"code":["(function(gauss) {","  if (typeof define === 'function' && define.amd) {","    define('gauss', [], function() {","      return gauss;","    });","  }","})(window.gauss);",""],"l":{"1":2,"2":0,"3":0,"4":0}}}